#
# A fatal error has been detected by the Java Runtime Environment:
#
#  EXCEPTION_ACCESS_VIOLATION (0xc0000005) at pc=0x00007ffcf5812d80, pid=9476, tid=7744
#
# JRE version: Java(TM) SE Runtime Environment (22.0.1+8) (build 22.0.1+8-16)
# Java VM: Java HotSpot(TM) 64-Bit Server VM (22.0.1+8-16, mixed mode, sharing, tiered, compressed oops, compressed class ptrs, g1 gc, windows-amd64)
# Problematic frame:
# C  [atio6axx.dll+0x2152d80]
#
# No core dump will be written. Minidumps are not enabled by default on client versions of Windows
#
# If you would like to submit a bug report, please visit:
#   https://bugreport.java.com/bugreport/crash.jsp
# The crash happened outside the Java Virtual Machine in native code.
# See problematic frame for where to report the bug.
#

---------------  S U M M A R Y ------------

Command Line: --add-exports=java.base/java.lang=ALL-UNNAMED --add-exports=java.desktop/sun.awt=ALL-UNNAMED --add-exports=java.desktop/sun.java2d=ALL-UNNAMED -Dsun.java2d.opengl=false -Dsun.java2d.d3d=false -Dsun.java2d.uiScale=1 -Dsun.java2d.noddraw=true -Dsun.awt.noerasebackground=true -Djava.library.path=C:\Users\nikit\OneDrive\Рабочий стол\OpenGL\SimpleGameEngine\SimpleGameEngine\libs -Dfile.encoding=UTF-8 -Xmx8G -Dstdout.encoding=UTF-8 -Dstderr.encoding=UTF-8 -XX:+ShowCodeDetailsInExceptionMessages org.MykytaInUA.SimpleGameEngine.main.Main

Host: AMD Ryzen 9 5900HX with Radeon Graphics        , 16 cores, 15G,  Windows 11 , 64 bit Build 26100 (10.0.26100.2454)
Time: Sat Dec 21 00:40:52 2024  Windows 11 , 64 bit Build 26100 (10.0.26100.2454) elapsed time: 12.704716 seconds (0d 0h 0m 12s)

---------------  T H R E A D  ---------------

Current thread (0x000001988a9a9ad0):  JavaThread "main-Display-.windows_nil-1-EDT-1" daemon [_thread_in_native, id=7744, stack(0x000000466d000000,0x000000466d100000) (1024K)]

Stack: [0x000000466d000000,0x000000466d100000],  sp=0x000000466d0fe478,  free space=1017k
Native frames: (J=compiled Java code, j=interpreted, Vv=VM code, C=native code)
C  [atio6axx.dll+0x2152d80]  (no source info available)
C  [atio6axx.dll+0x70024f]  (no source info available)
C  [atio6axx.dll+0x6fd6b1]  (no source info available)
C  [atio6axx.dll+0x1a8f8f]  (no source info available)
C  [atio6axx.dll+0x702044]  (no source info available)
C  [atio6axx.dll+0x55db78]  (no source info available)
C  [atio6axx.dll+0x5543f4]  (no source info available)
C  [atio6axx.dll+0x555d10]  (no source info available)
C  0x000001982d15cfc7  (no source info available)

The last pc belongs to native method entry point (kind = native) (printed below).
Java frames: (J=compiled Java code, j=interpreted, Vv=VM code)
j  jogamp.opengl.gl4.GL4bcImpl.dispatch_glBufferDataDelegate1(IJLjava/lang/Object;IZIJ)V+0
j  jogamp.opengl.gl4.GL4bcImpl.glBufferDataDelegate(IJLjava/nio/Buffer;I)V+88
j  jogamp.opengl.gl4.GL4bcImpl.access$000(Ljogamp/opengl/gl4/GL4bcImpl;IJLjava/nio/Buffer;I)V+7
j  jogamp.opengl.gl4.GL4bcImpl$1.create(IJLjava/nio/Buffer;I)V+10
j  jogamp.opengl.GLBufferObjectTracker.createBufferStorage(Ljogamp/opengl/GLBufferStateTracker;Lcom/jogamp/opengl/GL;IJLjava/nio/Buffer;IILjogamp/opengl/GLBufferObjectTracker$CreateStorageDispatch;)V+222
j  jogamp.opengl.gl4.GL4bcImpl.glBufferData(IJLjava/nio/Buffer;I)V+20
j  org.MykytaInUA.SimpleGameEngine.rendering.VBOWrapper.bufferFloatData(Ljava/nio/FloatBuffer;I)V+19
j  org.MykytaInUA.SimpleGameEngine.rendering.VBOWrapper.sendVBOFloatVectorInstancedData(ILjava/lang/String;ILjava/nio/FloatBuffer;)V+8
j  org.MykytaInUA.SimpleGameEngine.rendering.shaders.RenderUnit.sendVBOFloatVectorInstancedData(ILjava/lang/String;ILjava/nio/FloatBuffer;)V+20
j  org.MykytaInUA.SimpleGameEngine.rendering.shaders.RenderUnit.sendObjectsToGPU([Lorg/MykytaInUA/SimpleGameEngine/objects/Object3D;[Lorg/MykytaInUA/SimpleGameEngine/objects/components/Component;)V+568
j  org.MykytaInUA.SimpleGameEngine.rendering.shaders.ShaderProgram.addObjects([Lorg/MykytaInUA/SimpleGameEngine/objects/Object3D;)V+19
j  org.MykytaInUA.SimpleGameEngine.rendering.Renderer.init(Lcom/jogamp/opengl/GLAutoDrawable;)V+218
j  jogamp.opengl.GLDrawableHelper.init(Lcom/jogamp/opengl/GLEventListener;Lcom/jogamp/opengl/GLAutoDrawable;Z)V+2
j  jogamp.opengl.GLDrawableHelper.init(Lcom/jogamp/opengl/GLAutoDrawable;Z)V+81
j  jogamp.opengl.GLAutoDrawableBase$1.run()V+26
j  jogamp.opengl.GLDrawableHelper.invokeGLImpl(Lcom/jogamp/opengl/GLDrawable;Lcom/jogamp/opengl/GLContext;Ljava/lang/Runnable;Ljava/lang/Runnable;)V+199
j  jogamp.opengl.GLDrawableHelper.invokeGL(Lcom/jogamp/opengl/GLDrawable;Lcom/jogamp/opengl/GLContext;Ljava/lang/Runnable;Ljava/lang/Runnable;)V+75
j  com.jogamp.newt.opengl.GLWindow.display()V+90
j  jogamp.opengl.GLAutoDrawableBase.defaultWindowResizedOp(II)V+206
j  com.jogamp.newt.opengl.GLWindow.access$200(Lcom/jogamp/newt/opengl/GLWindow;II)V+3
j  com.jogamp.newt.opengl.GLWindow$2.windowResized(Lcom/jogamp/newt/event/WindowEvent;)V+18
j  jogamp.newt.WindowImpl.consumeWindowEvent(Lcom/jogamp/newt/event/WindowEvent;)V+234
j  jogamp.newt.WindowImpl.sendWindowEvent(I)V+14
j  jogamp.newt.WindowImpl.setVisibleActionImpl(Z)V+692
j  jogamp.newt.WindowImpl$VisibleAction.run()V+8
j  com.jogamp.common.util.RunnableTask.run()V+198
j  jogamp.newt.DefaultEDTUtil$NEDT.run()V+221
v  ~StubRoutines::call_stub 0x000001982d15100d

siginfo: EXCEPTION_ACCESS_VIOLATION (0xc0000005), reading address 0x00000198da91f620


Registers:
RAX=0x00000198937c9000, RBX=0x00000198989f90a8, RCX=0x00000198937c9000, RDX=0x00000198d9dadb40
RSP=0x000000466d0fe478, RBP=0x0000019897f02fb8, RSI=0x0000000000000000, RDI=0x00000000ffffffff
R8 =0x0000000000b71b00, R9 =0x00000000000000a0, R10=0x00007ffcf36c0000, R11=0x000000466d0fe270
R12=0x0000000000000000, R13=0x00000198977cf080, R14=0x00000198d88da670, R15=0x0000000000b71b00
RIP=0x00007ffcf5812d80, EFLAGS=0x0000000000010206


Register to memory mapping:

RAX=0x00000198937c9000 points into unknown readable memory: 0x0000000000000000 | 00 00 00 00 00 00 00 00
RBX=0x00000198989f90a8 points into unknown readable memory: 0x00007ffcf70cda20 | 20 da 0c f7 fc 7f 00 00
RCX=0x00000198937c9000 points into unknown readable memory: 0x0000000000000000 | 00 00 00 00 00 00 00 00
RDX=0x00000198d9dadb40 points into unknown readable memory: 0x0000000000000000 | 00 00 00 00 00 00 00 00
RSP=0x000000466d0fe478 is pointing into the stack for thread: 0x000001988a9a9ad0
RBP=0x0000019897f02fb8 points into unknown readable memory: 0x0000019800000002 | 02 00 00 00 98 01 00 00
RSI=0x0 is null
RDI=0x00000000ffffffff is an unknown value
R8 =0x0000000000b71b00 is an unknown value
R9 =0x00000000000000a0 is an unknown value
R10=0x00007ffcf36c0000 atio6axx.dll
R11=0x000000466d0fe270 is pointing into the stack for thread: 0x000001988a9a9ad0
R12=0x0 is null
R13=0x00000198977cf080 points into unknown readable memory: 0x00007ffcf70cc978 | 78 c9 0c f7 fc 7f 00 00
R14=0x00000198d88da670 points into unknown readable memory: 0x00000198d34cf948 | 48 f9 4c d3 98 01 00 00
R15=0x0000000000b71b00 is an unknown value

Top of Stack: (sp=0x000000466d0fe478)
0x000000466d0fe478:   00007ffcf3dc024f 00000198d34cf950
0x000000466d0fe488:   0000000000000000 00000000fffffffb
0x000000466d0fe498:   0000019889aa57a8 0000000000000000
0x000000466d0fe4a8:   000000466d0fe568 00000198d88da670
0x000000466d0fe4b8:   0000000000b71b00 0000000000000100
0x000000466d0fe4c8:   00007ffc00000840 0000000000000000
0x000000466d0fe4d8:   0000000000000000 0000000000000000
0x000000466d0fe4e8:   0000000000000000 00000198977cf080
0x000000466d0fe4f8:   00000198d88da670 0000000000000002
0x000000466d0fe508:   00000198d88da508 00000198d88da4b8
0x000000466d0fe518:   0000000000000002 000000466d0fe5d9
0x000000466d0fe528:   00007ffcf3dbd6b1 00000198989f90a8
0x000000466d0fe538:   00000198d34cf950 0000000000000000
0x000000466d0fe548:   0000019889aa57a8 00000198d9dadb40
0x000000466d0fe558:   00000198883b3901 00000198989eef01
0x000000466d0fe568:   00000198d34cf948 0000019800000002
0x000000466d0fe578:   00000198d9dadb40 000001988a9a9ad0
0x000000466d0fe588:   000001988a67d788 0000000000b71b00
0x000000466d0fe598:   0000000000000100 0000000000000002
0x000000466d0fe5a8:   0000000000000000 0000000000000000
0x000000466d0fe5b8:   0000000000000000 0000000000000000
0x000000466d0fe5c8:   00007ffd11a3dcee 000000466d0fe738
0x000000466d0fe5d8:   00007ffd120453c8 0000000000000000
0x000000466d0fe5e8:   000000466d0fe738 0000f883bb25ac45
0x000000466d0fe5f8:   0000019897ed87e8 0000000000b71b00
0x000000466d0fe608:   00000198d9dadb40 00000198d9dadb40
0x000000466d0fe618:   00000000000088e4 00000198977cf080
0x000000466d0fe628:   00000000000088e4 000001988a5c3001
0x000000466d0fe638:   00007ffcf3868f8f 000001982d92bb10
0x000000466d0fe648:   00007ffd11d28ee9 000001982d92bb10
0x000000466d0fe658:   00000198d88da4b8 000000466d0fe790
0x000000466d0fe668:   000001982d92bb10 000001982d92bb10 

Instructions: (pc=0x00007ffcf5812d80)
0x00007ffcf5812c80:   89 40 04 44 88 48 06 c3 4c 8b 02 8b 4a 08 44 0f
0x00007ffcf5812c90:   b7 4a 0c 4c 89 00 89 48 08 66 44 89 48 0c c3 0f
0x00007ffcf5812ca0:   b7 0a 44 0f b6 42 02 66 89 08 44 88 40 02 c3 90
0x00007ffcf5812cb0:   4c 8b 02 8b 4a 08 44 0f b6 4a 0c 4c 89 00 89 48
0x00007ffcf5812cc0:   08 44 88 48 0c c3 4c 8b 02 0f b7 4a 08 4c 89 00
0x00007ffcf5812cd0:   66 89 48 08 c3 4c 8b 02 0f b6 4a 08 4c 89 00 88
0x00007ffcf5812ce0:   48 08 c3 4c 8b 02 8b 4a 08 4c 89 00 89 48 08 c3
0x00007ffcf5812cf0:   8b 0a 44 0f b7 42 04 89 08 66 44 89 40 04 c3 8b
0x00007ffcf5812d00:   0a 44 0f b6 42 04 89 08 44 88 40 04 c3 48 8b 0a
0x00007ffcf5812d10:   48 89 08 c3 0f b6 0a 88 08 c3 8b 0a 89 08 c3 90
0x00007ffcf5812d20:   49 83 f8 20 77 17 f3 0f 6f 0a f3 42 0f 6f 54 02
0x00007ffcf5812d30:   f0 f3 0f 7f 09 f3 42 0f 7f 54 01 f0 c3 48 3b d1
0x00007ffcf5812d40:   73 0e 4e 8d 0c 02 49 3b c9 0f 82 41 04 00 00 90
0x00007ffcf5812d50:   83 3d 01 13 ef 01 03 0f 82 e3 02 00 00 49 81 f8
0x00007ffcf5812d60:   00 20 00 00 76 16 49 81 f8 00 00 18 00 77 0d f6
0x00007ffcf5812d70:   05 ca 9b 06 02 02 0f 85 64 fe ff ff c5 fe 6f 02
0x00007ffcf5812d80:   c4 a1 7e 6f 6c 02 e0 49 81 f8 00 01 00 00 0f 86
0x00007ffcf5812d90:   c4 00 00 00 4c 8b c9 49 83 e1 1f 49 83 e9 20 49
0x00007ffcf5812da0:   2b c9 49 2b d1 4d 03 c1 49 81 f8 00 01 00 00 0f
0x00007ffcf5812db0:   86 a3 00 00 00 49 81 f8 00 00 18 00 0f 87 3e 01
0x00007ffcf5812dc0:   00 00 66 66 66 66 66 66 0f 1f 84 00 00 00 00 00
0x00007ffcf5812dd0:   c5 fe 6f 0a c5 fe 6f 52 20 c5 fe 6f 5a 40 c5 fe
0x00007ffcf5812de0:   6f 62 60 c5 fd 7f 09 c5 fd 7f 51 20 c5 fd 7f 59
0x00007ffcf5812df0:   40 c5 fd 7f 61 60 c5 fe 6f 8a 80 00 00 00 c5 fe
0x00007ffcf5812e00:   6f 92 a0 00 00 00 c5 fe 6f 9a c0 00 00 00 c5 fe
0x00007ffcf5812e10:   6f a2 e0 00 00 00 c5 fd 7f 89 80 00 00 00 c5 fd
0x00007ffcf5812e20:   7f 91 a0 00 00 00 c5 fd 7f 99 c0 00 00 00 c5 fd
0x00007ffcf5812e30:   7f a1 e0 00 00 00 48 81 c1 00 01 00 00 48 81 c2
0x00007ffcf5812e40:   00 01 00 00 49 81 e8 00 01 00 00 49 81 f8 00 01
0x00007ffcf5812e50:   00 00 0f 83 78 ff ff ff 4d 8d 48 1f 49 83 e1 e0
0x00007ffcf5812e60:   4d 8b d9 49 c1 eb 05 47 8b 9c 9a 40 70 3c 04 4d
0x00007ffcf5812e70:   03 da 41 ff e3 c4 a1 7e 6f 8c 0a 00 ff ff ff c4 


Stack slot to memory mapping:

stack at sp + 0 slots: 0x00007ffcf3dc024f atio6axx.dll
stack at sp + 1 slots: 0x00000198d34cf950 points into unknown readable memory: 0x6572757400000001 | 01 00 00 00 74 75 72 65
stack at sp + 2 slots: 0x0 is null
stack at sp + 3 slots: 0x00000000fffffffb is an unknown value
stack at sp + 4 slots: 0x0000019889aa57a8 points into unknown readable memory: 0x0000000000000000 | 00 00 00 00 00 00 00 00
stack at sp + 5 slots: 0x0 is null
stack at sp + 6 slots: 0x000000466d0fe568 is pointing into the stack for thread: 0x000001988a9a9ad0
stack at sp + 7 slots: 0x00000198d88da670 points into unknown readable memory: 0x00000198d34cf948 | 48 f9 4c d3 98 01 00 00

native method entry point (kind = native)  [0x000001982d15cba0, 0x000001982d15d6c0]  2848 bytes
[MachCode]
  0x000001982d15cba0: 488b 4b08 | 0fb7 492e | 584c 8d74 | ccf8 6800 | 0000 0068 | 0000 0000 | 5055 488b | ec41 5568 
  0x000001982d15cbc0: 0000 0000 | 4c8b 6b08 | 4d8d 6d38 | 5348 8b53 | 0848 8b52 | 0848 8b52 | 1848 8b52 | 7048 8b12 
  0x000001982d15cbe0: 5248 8b53 | 1048 85d2 | 0f84 0700 | 0000 4881 | c210 0100 | 0052 488b | 5308 488b | 5208 488b 
  0x000001982d15cc00: 5210 5249 | 8bc6 482b | c548 c1e8 | 0350 6800 | 0000 0068 | f7ff ffff | 41c6 8781 | 0400 0001 
  0x000001982d15cc20: 488b 4310 | 4885 c074 | 208b 88cc | 0000 0083 | c102 8988 | cc00 0000 | 2388 e000 | 0000 0f84 
  0x000001982d15cc40: cb09 0000 | e9cf 0000 | 0048 8b43 | 1848 85c0 | 0f85 b000 | 0000 e805 | 0000 00e9 | 9900 0000 
  0x000001982d15cc60: 488b d348 | 8d44 2408 | 4c89 6dc0 | 498b cfc5 | f877 4989 | afb0 0300 | 0049 8987 | a003 0000 
  0x000001982d15cc80: 4883 ec20 | 40f6 c40f | 0f84 1900 | 0000 4883 | ec08 48b8 | a0a3 a411 | fd7f 0000 | ffd0 4883 
  0x000001982d15cca0: c408 e90c | 0000 0048 | b8a0 a3a4 | 11fd 7f00 | 00ff d048 | 83c4 2049 | c787 a003 | 0000 0000 
  0x000001982d15ccc0: 0000 49c7 | 87b0 0300 | 0000 0000 | 0049 c787 | a803 0000 | 0000 0000 | c5f8 7749 | 837f 0800 
  0x000001982d15cce0: 0f84 0500 | 0000 e915 | 42ff ff4c | 8b6d c04c | 8b75 c84e | 8d74 f500 | c348 8b43 | 1848 85c0 
  0x000001982d15cd00: 0f84 1200 | 0000 8b48 | 0883 c102 | 8948 0823 | 481c 0f84 | f708 0000 | 493b a7f0 | 0400 000f 
  0x000001982d15cd20: 8748 0000 | 0089 8424 | 00f0 ffff | 8984 2400 | e0ff ff89 | 8424 00d0 | ffff 8984 | 2400 c0ff 
  0x000001982d15cd40: ff89 8424 | 00b0 ffff | 8984 2400 | a0ff ff89 | 8424 0090 | ffff 8984 | 2400 80ff | ff49 3ba7 
  0x000001982d15cd60: e804 0000 | 7607 4989 | a7f0 0400 | 0041 c687 | 8104 0000 | 0049 ba9c | 302b 12fd | 7f00 0041 
  0x000001982d15cd80: 803a 000f | 843e 0000 | 0048 8b55 | e849 8bcf | 4883 ec20 | 40f6 c40f | 0f84 1900 | 0000 4883 
  0x000001982d15cda0: ec08 48b8 | 40b5 db11 | fd7f 0000 | ffd0 4883 | c408 e90c | 0000 0048 | b840 b5db | 11fd 7f00 
  0x000001982d15cdc0: 00ff d048 | 83c4 2048 | 8b5d e84c | 8b5b 0845 | 0fb7 5b2e | 41c1 e303 | 492b e348 | 83ec 2048 
  0x000001982d15cde0: 83e4 f04c | 8b5b 604d | 85db 0f85 | ab00 0000 | e805 0000 | 00e9 9900 | 0000 488b | d348 8d44 
  0x000001982d15ce00: 2408 4c89 | 6dc0 498b | cfc5 f877 | 4989 afb0 | 0300 0049 | 8987 a003 | 0000 4883 | ec20 40f6 
  0x000001982d15ce20: c40f 0f84 | 1900 0000 | 4883 ec08 | 48b8 c0ca | a411 fd7f | 0000 ffd0 | 4883 c408 | e90c 0000 
  0x000001982d15ce40: 0048 b8c0 | caa4 11fd | 7f00 00ff | d048 83c4 | 2049 c787 | a003 0000 | 0000 0000 | 49c7 87b0 
  0x000001982d15ce60: 0300 0000 | 0000 0049 | c787 a803 | 0000 0000 | 0000 c5f8 | 7749 837f | 0800 0f84 | 0500 0000 
  0x000001982d15ce80: e97b 40ff | ff4c 8b6d | c04c 8b75 | c84e 8d74 | f500 c348 | 8b5d e84c | 8b5b 6041 | ffd3 488b 
  0x000001982d15cea0: 5de8 4889 | 4518 448b | 5b28 41f6 | c308 0f84 | 1b00 0000 | 4c8b 5b08 | 4d8b 5b08 | 4d8b 5b18 
  0x000001982d15cec0: 4d8b 5b70 | 4d8b 1b4c | 895d 1048 | 8d55 1048 | 8b43 5849 | ba40 0cdc | 11fd 7f00 | 0049 3bc2 
  0x000001982d15cee0: 0f85 ab00 | 0000 e805 | 0000 00e9 | 9900 0000 | 488b d348 | 8d44 2408 | 4c89 6dc0 | 498b cfc5 
  0x000001982d15cf00: f877 4989 | afb0 0300 | 0049 8987 | a003 0000 | 4883 ec20 | 40f6 c40f | 0f84 1900 | 0000 4883 
  0x000001982d15cf20: ec08 48b8 | c0ca a411 | fd7f 0000 | ffd0 4883 | c408 e90c | 0000 0048 | b8c0 caa4 | 11fd 7f00 
  0x000001982d15cf40: 00ff d048 | 83c4 2049 | c787 a003 | 0000 0000 | 0000 49c7 | 87b0 0300 | 0000 0000 | 0049 c787 
  0x000001982d15cf60: a803 0000 | 0000 0000 | c5f8 7749 | 837f 0800 | 0f84 0500 | 0000 e985 | 3fff ff4c | 8b6d c04c 
  0x000001982d15cf80: 8b75 c84e | 8d74 f500 | c348 8b5d | e848 8b43 | 5849 8d8f | c003 0000 | c5f8 7749 | 89af b003 
  0x000001982d15cfa0: 0000 49ba | 98cf 152d | 9801 0000 | 4d89 97a8 | 0300 0049 | 89a7 a003 | 0000 41c7 | 8754 0400 
  0x000001982d15cfc0: 0004 0000 | 00ff d0c5 | f877 4883 | ec10 c5fb | 1104 2448 | 83ec 1048 | 8904 2448 | c744 2408 
  0x000001982d15cfe0: 0000 0000 | 41c7 8754 | 0400 0005 | 0000 00f0 | 8344 24c0 | 0049 3baf | 5804 0000 | 0f87 0e00 
  0x000001982d15d000: 0000 4183 | bf50 0400 | 0000 0f84 | 2000 0000 | 498b cf4c | 8be4 4883 | ec20 4883 | e4f0 48b8 
  0x000001982d15d020: d01e a611 | fd7f 0000 | ffd0 498b | e44d 33e4 | 41c7 8754 | 0400 0008 | 0000 0049 | c787 a003 
  0x000001982d15d040: 0000 0000 | 0000 49c7 | 87b0 0300 | 0000 0000 | 0049 c787 | a803 0000 | 0000 0000 | c5f8 774d 
  0x000001982d15d060: 8b9f 3004 | 0000 41c7 | 8300 0100 | 0000 0000 | 0049 bb1a | a515 2d98 | 0100 004c | 3b5d 180f 
  0x000001982d15d080: 8524 0200 | 0048 8b04 | 2448 83c4 | 1048 85c0 | 0f84 fe01 | 0000 a803 | 0f85 0800 | 0000 488b 
  0x000001982d15d0a0: 00e9 ee01 | 0000 a801 | 0f85 0900 | 0000 488b | 40fe e9dd | 0100 0048 | 8b40 ff41 | 807f 3800 
  0x000001982d15d0c0: 0f84 ce01 | 0000 4883 | f800 0f84 | c401 0000 | 4d8b 5f28 | 4983 fb00 | 0f84 1400 | 0000 4983 
  0x000001982d15d0e0: eb08 4d89 | 5f28 4d03 | 5f30 4989 | 03e9 a201 | 0000 4881 | ecd0 0000 | 0048 8904 | 2448 894c 
  0x000001982d15d100: 2408 4889 | 5424 1048 | 8974 2418 | 4889 7c24 | 204c 8944 | 2428 4c89 | 4c24 304c | 8954 2438 
  0x000001982d15d120: 4c89 5c24 | 40c5 fb11 | 4424 50c5 | fb11 4c24 | 58c5 fb11 | 5424 60c5 | fb11 5c24 | 68c5 fb11 
  0x000001982d15d140: 6424 70c5 | fb11 6c24 | 78c5 fb11 | b424 8000 | 0000 c5fb | 11bc 2488 | 0000 00c5 | 7b11 8424 
  0x000001982d15d160: 9000 0000 | c57b 118c | 2498 0000 | 00c5 7b11 | 9424 a000 | 0000 c57b | 119c 24a8 | 0000 00c5 
  0x000001982d15d180: 7b11 a424 | b000 0000 | c57b 11ac | 24b8 0000 | 00c5 7b11 | b424 c000 | 0000 c57b | 11bc 24c8 
  0x000001982d15d1a0: 0000 0049 | 8bd7 488b | c848 83ec | 2040 f6c4 | 0f0f 8419 | 0000 0048 | 83ec 0848 | b8e0 3e99 
  0x000001982d15d1c0: 11fd 7f00 | 00ff d048 | 83c4 08e9 | 0c00 0000 | 48b8 e03e | 9911 fd7f | 0000 ffd0 | 4883 c420 
  0x000001982d15d1e0: c57b 10bc | 24c8 0000 | 00c5 7b10 | b424 c000 | 0000 c57b | 10ac 24b8 | 0000 00c5 | 7b10 a424 
  0x000001982d15d200: b000 0000 | c57b 109c | 24a8 0000 | 00c5 7b10 | 9424 a000 | 0000 c57b | 108c 2498 | 0000 00c5 
  0x000001982d15d220: 7b10 8424 | 9000 0000 | c5fb 10bc | 2488 0000 | 00c5 fb10 | b424 8000 | 0000 c5fb | 106c 2478 
  0x000001982d15d240: c5fb 1064 | 2470 c5fb | 105c 2468 | c5fb 1054 | 2460 c5fb | 104c 2458 | c5fb 1044 | 2450 4c8b 
  0x000001982d15d260: 5c24 404c | 8b54 2438 | 4c8b 4c24 | 304c 8b44 | 2428 488b | 7c24 2048 | 8b74 2418 | 488b 5424 
  0x000001982d15d280: 1048 8b4c | 2408 488b | 0424 4881 | c4d0 0000 | 00c5 f877 | 4889 4510 | 4883 ec10 | 4889 0424 
  0x000001982d15d2a0: 48c7 4424 | 0800 0000 | 0041 83bf | d004 0000 | 020f 85bf | 0000 0048 | 81ec 8000 | 0000 4889 
  0x000001982d15d2c0: 4424 7848 | 894c 2470 | 4889 5424 | 6848 895c | 2460 4889 | 6c24 5048 | 8974 2448 | 4889 7c24 
  0x000001982d15d2e0: 404c 8944 | 2438 4c89 | 4c24 304c | 8954 2428 | 4c89 5c24 | 204c 8964 | 2418 4c89 | 6c24 104c 
  0x000001982d15d300: 8974 2408 | 4c89 3c24 | 4c8b e448 | 83ec 2048 | 83e4 f048 | b890 eddb | 11fd 7f00 | 00ff d049 
  0x000001982d15d320: 8be4 4c8b | 3c24 4c8b | 7424 084c | 8b6c 2410 | 4c8b 6424 | 184c 8b5c | 2420 4c8b | 5424 284c 
  0x000001982d15d340: 8b4c 2430 | 4c8b 4424 | 3848 8b7c | 2440 488b | 7424 4848 | 8b6c 2450 | 488b 5c24 | 6048 8b54 
  0x000001982d15d360: 2468 488b | 4c24 7048 | 8b44 2478 | 4881 c480 | 0000 004d | 33e4 488b | 5de8 4c8b | 6b08 4d8d 
  0x000001982d15d380: 6d38 4983 | 7f08 000f | 84bb 0000 | 00e8 0500 | 0000 e996 | 0000 0048 | 8d44 2408 | 4c89 6dc0 
  0x000001982d15d3a0: 498b cfc5 | f877 4989 | afb0 0300 | 0049 8987 | a003 0000 | 4883 ec20 | 40f6 c40f | 0f84 1900 
  0x000001982d15d3c0: 0000 4883 | ec08 48b8 | 00e9 a411 | fd7f 0000 | ffd0 4883 | c408 e90c | 0000 0048 | b800 e9a4 
  0x000001982d15d3e0: 11fd 7f00 | 00ff d048 | 83c4 2049 | c787 a003 | 0000 0000 | 0000 49c7 | 87b0 0300 | 0000 0000 
  0x000001982d15d400: 0049 c787 | a803 0000 | 0000 0000 | c5f8 7749 | 837f 0800 | 0f84 0500 | 0000 e9e1 | 3aff ff4c 
  0x000001982d15d420: 8b6d c04c | 8b75 c84e | 8d74 f500 | c348 b9c0 | 1803 12fd | 7f00 0048 | 83e4 f048 | b8c0 94ca 
  0x000001982d15d440: 11fd 7f00 | 00ff d0f4 | 448b 5b28 | 41f6 c320 | 0f84 4401 | 0000 488d | 55a8 4c8b | 5a08 4d85 
  0x000001982d15d460: db0f 85bb | 0000 00e8 | 0500 0000 | e996 0000 | 0048 8d44 | 2408 4c89 | 6dc0 498b | cfc5 f877 
  0x000001982d15d480: 4989 afb0 | 0300 0049 | 8987 a003 | 0000 4883 | ec20 40f6 | c40f 0f84 | 1900 0000 | 4883 ec08 
  0x000001982d15d4a0: 48b8 30e8 | a411 fd7f | 0000 ffd0 | 4883 c408 | e90c 0000 | 0048 b830 | e8a4 11fd | 7f00 00ff 
  0x000001982d15d4c0: d048 83c4 | 2049 c787 | a003 0000 | 0000 0000 | 49c7 87b0 | 0300 0000 | 0000 0049 | c787 a803 
  0x000001982d15d4e0: 0000 0000 | 0000 c5f8 | 7749 837f | 0800 0f84 | 0500 0000 | e907 3aff | ff4c 8b6d | c04c 8b75 
  0x000001982d15d500: c84e 8d74 | f500 c348 | b9c0 1803 | 12fd 7f00 | 0048 83e4 | f048 b8c0 | 94ca 11fd | 7f00 00ff 
  0x000001982d15d520: d0f4 4c89 | 6dc0 488d | 024c 8b4a | 0848 c742 | 0800 0000 | 004c 8b00 | 4d85 c00f | 840b 0000 
  0x000001982d15d540: 00f0 4d0f | b101 0f85 | 0c00 0000 | 49ff 8f58 | 0500 00e9 | 3e00 0000 | 4c89 4a08 | 488b ca48 
  0x000001982d15d560: 83ec 2040 | f6c4 0f0f | 8419 0000 | 0048 83ec | 0848 b8c0 | baa4 11fd | 7f00 00ff | d048 83c4 
  0x000001982d15d580: 08e9 0c00 | 0000 48b8 | c0ba a411 | fd7f 0000 | ffd0 4883 | c420 4c8b | 6dc0 49ba | 9c30 2b12 
  0x000001982d15d5a0: fd7f 0000 | 4180 3a00 | 0f84 3e00 | 0000 488b | 55e8 498b | cf48 83ec | 2040 f6c4 | 0f0f 8419 
  0x000001982d15d5c0: 0000 0048 | 83ec 0848 | b840 b5db | 11fd 7f00 | 00ff d048 | 83c4 08e9 | 0c00 0000 | 48b8 40b5 
  0x000001982d15d5e0: db11 fd7f | 0000 ffd0 | 4883 c420 | 488b 0424 | 4883 c410 | c5fb 1004 | 2448 83c4 | 104c 8b5d 
  0x000001982d15d600: 1841 ffd3 | 4c8b 5df8 | c95f 498b | e3ff e7ba | 0000 0000 | e805 0000 | 00e9 9600 | 0000 488d 
  0x000001982d15d620: 4424 084c | 896d c049 | 8bcf c5f8 | 7749 89af | b003 0000 | 4989 87a0 | 0300 0048 | 83ec 2040 
  0x000001982d15d640: f6c4 0f0f | 8419 0000 | 0048 83ec | 0848 b880 | aea4 11fd | 7f00 00ff | d048 83c4 | 08e9 0c00 
  0x000001982d15d660: 0000 48b8 | 80ae a411 | fd7f 0000 | ffd0 4883 | c420 49c7 | 87a0 0300 | 0000 0000 | 0049 c787 
  0x000001982d15d680: b003 0000 | 0000 0000 | 49c7 87a8 | 0300 0000 | 0000 00c5 | f877 4983 | 7f08 000f | 8405 0000 
  0x000001982d15d6a0: 00e9 5a38 | ffff 4c8b | 6dc0 4c8b | 75c8 4e8d | 74f5 00c3 | 488b 5de8 | e95b f6ff | ff66 6690 
[/MachCode]

---------------  P R O C E S S  ---------------

Threads class SMR info:
_java_thread_list=0x000001988a9af8d0, length=16, elements={
0x000001981b677d70, 0x000001983f7891a0, 0x000001983f789e80, 0x0000019842690830,
0x00000198426915f0, 0x000001984269a490, 0x00000198426ad130, 0x000001984269ffb0,
0x00000198426d7cc0, 0x00000198426aa340, 0x00000198426aa9d0, 0x00000198426ab060,
0x00000198426ab6f0, 0x00000198426ac410, 0x000001988a9a7a00, 0x000001988a9a9ad0
}

Java Threads: ( => current thread )
  0x000001981b677d70 JavaThread "main"                              [_thread_blocked, id=17572, stack(0x0000004669300000,0x0000004669400000) (1024K)]
  0x000001983f7891a0 JavaThread "Reference Handler"          daemon [_thread_blocked, id=1796, stack(0x0000004669b00000,0x0000004669c00000) (1024K)]
  0x000001983f789e80 JavaThread "Finalizer"                  daemon [_thread_blocked, id=17256, stack(0x0000004669c00000,0x0000004669d00000) (1024K)]
  0x0000019842690830 JavaThread "Signal Dispatcher"          daemon [_thread_blocked, id=14520, stack(0x0000004669d00000,0x0000004669e00000) (1024K)]
  0x00000198426915f0 JavaThread "Attach Listener"            daemon [_thread_blocked, id=14180, stack(0x0000004669e00000,0x0000004669f00000) (1024K)]
  0x000001984269a490 JavaThread "Service Thread"             daemon [_thread_blocked, id=5832, stack(0x0000004669f00000,0x000000466a000000) (1024K)]
  0x00000198426ad130 JavaThread "Monitor Deflation Thread"   daemon [_thread_blocked, id=17956, stack(0x000000466a000000,0x000000466a100000) (1024K)]
  0x000001984269ffb0 JavaThread "C2 CompilerThread0"         daemon [_thread_blocked, id=7816, stack(0x000000466a100000,0x000000466a200000) (1024K)]
  0x00000198426d7cc0 JavaThread "C1 CompilerThread0"         daemon [_thread_blocked, id=17752, stack(0x000000466a200000,0x000000466a300000) (1024K)]
  0x00000198426aa340 JavaThread "Common-Cleaner"             daemon [_thread_blocked, id=14256, stack(0x000000466a400000,0x000000466a500000) (1024K)]
  0x00000198426aa9d0 JavaThread "Notification Thread"        daemon [_thread_blocked, id=17520, stack(0x000000466a500000,0x000000466a600000) (1024K)]
  0x00000198426ab060 JavaThread "Java2D Disposer"            daemon [_thread_blocked, id=3628, stack(0x000000466a700000,0x000000466a800000) (1024K)]
  0x00000198426ab6f0 JavaThread "AWT-Windows"                daemon [_thread_in_native, id=4104, stack(0x000000466a900000,0x000000466aa00000) (1024K)]
  0x00000198426ac410 JavaThread "main-SharedResourceRunner"  daemon [_thread_blocked, id=12168, stack(0x000000466ab00000,0x000000466ac00000) (1024K)]
  0x000001988a9a7a00 JavaThread "Thread-3"                   daemon [_thread_in_native, id=13072, stack(0x000000466cf00000,0x000000466d000000) (1024K)]
=>0x000001988a9a9ad0 JavaThread "main-Display-.windows_nil-1-EDT-1" daemon [_thread_in_native, id=7744, stack(0x000000466d000000,0x000000466d100000) (1024K)]
Total: 16

Other Threads:
  0x000001983f76ce00 VMThread "VM Thread"                           [id=7388, stack(0x0000004669a00000,0x0000004669b00000) (1024K)]
  0x000001983f7562d0 WatcherThread "VM Periodic Task Thread"        [id=7236, stack(0x0000004669900000,0x0000004669a00000) (1024K)]
  0x000001981da6f370 WorkerThread "GC Thread#0"                     [id=11648, stack(0x0000004669400000,0x0000004669500000) (1024K)]
  0x00000198d28e80a0 WorkerThread "GC Thread#1"                     [id=1316, stack(0x000000466c400000,0x000000466c500000) (1024K)]
  0x00000198d28e8450 WorkerThread "GC Thread#2"                     [id=440, stack(0x000000466c500000,0x000000466c600000) (1024K)]
  0x00000198d28e8800 WorkerThread "GC Thread#3"                     [id=16332, stack(0x000000466c600000,0x000000466c700000) (1024K)]
  0x00000198d28e8bb0 WorkerThread "GC Thread#4"                     [id=8612, stack(0x000000466c700000,0x000000466c800000) (1024K)]
  0x00000198d28e8f60 WorkerThread "GC Thread#5"                     [id=4516, stack(0x000000466c800000,0x000000466c900000) (1024K)]
  0x00000198d28e9720 WorkerThread "GC Thread#6"                     [id=8248, stack(0x000000466c900000,0x000000466ca00000) (1024K)]
  0x00000198d28e9ad0 WorkerThread "GC Thread#7"                     [id=16856, stack(0x000000466ca00000,0x000000466cb00000) (1024K)]
  0x00000198d5cbb560 WorkerThread "GC Thread#8"                     [id=2256, stack(0x000000466d800000,0x000000466d900000) (1024K)]
  0x000001988a3cec40 WorkerThread "GC Thread#9"                     [id=15196, stack(0x000000466d900000,0x000000466da00000) (1024K)]
  0x00000198d60932c0 WorkerThread "GC Thread#10"                    [id=18080, stack(0x000000466da00000,0x000000466db00000) (1024K)]
  0x00000198d61ac5f0 WorkerThread "GC Thread#11"                    [id=8320, stack(0x000000466db00000,0x000000466dc00000) (1024K)]
  0x00000198d61ac9a0 WorkerThread "GC Thread#12"                    [id=18044, stack(0x000000466dc00000,0x000000466dd00000) (1024K)]
  0x000001983f5d67b0 ConcurrentGCThread "G1 Main Marker"            [id=8476, stack(0x0000004669500000,0x0000004669600000) (1024K)]
  0x000001983f5d71d0 WorkerThread "G1 Conc#0"                       [id=11540, stack(0x0000004669600000,0x0000004669700000) (1024K)]
  0x00000198d34d8920 WorkerThread "G1 Conc#1"                       [id=3724, stack(0x000000466dd00000,0x000000466de00000) (1024K)]
  0x00000198d5d09d90 WorkerThread "G1 Conc#2"                       [id=6028, stack(0x000000466de00000,0x000000466df00000) (1024K)]
  0x000001983f6202d0 ConcurrentGCThread "G1 Refine#0"               [id=17284, stack(0x0000004669700000,0x0000004669800000) (1024K)]
  0x000001983f621c10 ConcurrentGCThread "G1 Service"                [id=3972, stack(0x0000004669800000,0x0000004669900000) (1024K)]
Total: 21

Threads with active compile tasks:
Total: 0

VM state: not at safepoint (normal execution)

VM Mutex/Monitor currently owned by a thread: None

Heap address: 0x0000000600000000, size: 8192 MB, Compressed Oops mode: Zero based, Oop shift amount: 3

CDS archive(s) mapped at: [0x0000019843000000-0x0000019843c60000-0x0000019843c60000), size 12976128, SharedBaseAddress: 0x0000019843000000, ArchiveRelocationMode: 1.
Compressed class space mapped at: 0x0000019844000000-0x0000019884000000, reserved size: 1073741824
Narrow klass base: 0x0000019843000000, Narrow klass shift: 0, Narrow klass range: 0x41000000

GC Precious Log:
 CardTable entry size: 512
 Card Set container configuration: InlinePtr #cards 4 size 8 Array Of Cards #cards 32 size 80 Howl #buckets 8 coarsen threshold 7372 Howl Bitmap #cards 1024 size 144 coarsen threshold 921 Card regions per heap region 1 cards per card region 8192
 CPUs: 16 total, 16 available
 Memory: 15754M
 Large Page Support: Disabled
 NUMA Support: Disabled
 Compressed Oops: Enabled (Zero based)
 Heap Region Size: 4M
 Heap Min Capacity: 8M
 Heap Initial Capacity: 248M
 Heap Max Capacity: 8G
 Pre-touch: Disabled
 Parallel Workers: 13
 Concurrent Workers: 3
 Concurrent Refinement Workers: 13
 Periodic GC: Disabled

Heap:
 garbage-first heap   total reserved 8388608K, committed 761856K, used 493869K [0x0000000600000000, 0x0000000800000000)
  region size 4096K, 37 young (151552K), 0 survivors (0K)
 Metaspace       used 13534K, committed 13824K, reserved 1114112K
  class space    used 1008K, committed 1152K, reserved 1048576K

Heap Regions: E=young(eden), S=young(survivor), O=old, HS=humongous(starts), HC=humongous(continues), CS=collection set, F=free, TAMS=top-at-mark-start, PB=parsable bottom
|   0|0x0000000600000000, 0x0000000600400000, 0x0000000600400000|100%|HS|  |TAMS 0x0000000600000000| PB 0x0000000600000000| Complete |  0
|   1|0x0000000600400000, 0x0000000600800000, 0x0000000600800000|100%| O|  |TAMS 0x0000000600400000| PB 0x0000000600400000| Untracked |  0
|   2|0x0000000600800000, 0x0000000600c00000, 0x0000000600c00000|100%| O|  |TAMS 0x0000000600800000| PB 0x0000000600800000| Untracked |  0
|   3|0x0000000600c00000, 0x0000000601000000, 0x0000000601000000|100%| O|  |TAMS 0x0000000600c00000| PB 0x0000000600c00000| Untracked |  0
|   4|0x0000000601000000, 0x0000000601400000, 0x0000000601400000|100%| O|  |TAMS 0x0000000601000000| PB 0x0000000601000000| Untracked |  0
|   5|0x0000000601400000, 0x0000000601800000, 0x0000000601800000|100%| O|  |TAMS 0x0000000601400000| PB 0x0000000601400000| Untracked |  0
|   6|0x0000000601800000, 0x0000000601c00000, 0x0000000601c00000|100%| O|  |TAMS 0x0000000601800000| PB 0x0000000601800000| Untracked |  0
|   7|0x0000000601c00000, 0x0000000602000000, 0x0000000602000000|100%| O|  |TAMS 0x0000000601c00000| PB 0x0000000601c00000| Untracked |  0
|   8|0x0000000602000000, 0x0000000602400000, 0x0000000602400000|100%| O|  |TAMS 0x0000000602000000| PB 0x0000000602000000| Untracked |  0
|   9|0x0000000602400000, 0x0000000602800000, 0x0000000602800000|100%| O|  |TAMS 0x0000000602400000| PB 0x0000000602400000| Untracked |  0
|  10|0x0000000602800000, 0x0000000602c00000, 0x0000000602c00000|100%| O|  |TAMS 0x0000000602800000| PB 0x0000000602800000| Untracked |  0
|  11|0x0000000602c00000, 0x0000000603000000, 0x0000000603000000|100%| O|  |TAMS 0x0000000602c00000| PB 0x0000000602c00000| Untracked |  0
|  12|0x0000000603000000, 0x0000000603400000, 0x0000000603400000|100%| O|  |TAMS 0x0000000603000000| PB 0x0000000603000000| Untracked |  0
|  13|0x0000000603400000, 0x0000000603800000, 0x0000000603800000|100%| O|  |TAMS 0x0000000603400000| PB 0x0000000603400000| Untracked |  0
|  14|0x0000000603800000, 0x0000000603c00000, 0x0000000603c00000|100%| O|  |TAMS 0x0000000603800000| PB 0x0000000603800000| Untracked |  0
|  15|0x0000000603c00000, 0x0000000604000000, 0x0000000604000000|100%| O|  |TAMS 0x0000000603c00000| PB 0x0000000603c00000| Untracked |  0
|  16|0x0000000604000000, 0x0000000604400000, 0x0000000604400000|100%| O|Cm|TAMS 0x0000000604000000| PB 0x0000000604000000| Complete |  0
|  17|0x0000000604400000, 0x0000000604800000, 0x0000000604800000|100%| O|  |TAMS 0x0000000604400000| PB 0x0000000604400000| Untracked |  0
|  18|0x0000000604800000, 0x0000000604c00000, 0x0000000604c00000|100%| O|  |TAMS 0x0000000604800000| PB 0x0000000604800000| Untracked |  0
|  19|0x0000000604c00000, 0x0000000605000000, 0x0000000605000000|100%| O|  |TAMS 0x0000000604c00000| PB 0x0000000604c00000| Untracked |  0
|  20|0x0000000605000000, 0x0000000605400000, 0x0000000605400000|100%| O|  |TAMS 0x0000000605000000| PB 0x0000000605000000| Untracked |  0
|  21|0x0000000605400000, 0x0000000605800000, 0x0000000605800000|100%| O|  |TAMS 0x0000000605400000| PB 0x0000000605400000| Untracked |  0
|  22|0x0000000605800000, 0x0000000605c00000, 0x0000000605c00000|100%| O|  |TAMS 0x0000000605800000| PB 0x0000000605800000| Untracked |  0
|  23|0x0000000605c00000, 0x0000000606000000, 0x0000000606000000|100%| O|  |TAMS 0x0000000605c00000| PB 0x0000000605c00000| Untracked |  0
|  24|0x0000000606000000, 0x0000000606400000, 0x0000000606400000|100%| O|  |TAMS 0x0000000606000000| PB 0x0000000606000000| Untracked |  0
|  25|0x0000000606400000, 0x0000000606400000, 0x0000000606800000|  0%| F|  |TAMS 0x0000000606400000| PB 0x0000000606400000| Untracked |  0
|  26|0x0000000606800000, 0x0000000606c00000, 0x0000000606c00000|100%| O|  |TAMS 0x0000000606800000| PB 0x0000000606800000| Untracked |  0
|  27|0x0000000606c00000, 0x0000000607000000, 0x0000000607000000|100%| O|  |TAMS 0x0000000606c00000| PB 0x0000000606c00000| Untracked |  0
|  28|0x0000000607000000, 0x0000000607400000, 0x0000000607400000|100%| O|  |TAMS 0x0000000607000000| PB 0x0000000607000000| Untracked |  0
|  29|0x0000000607400000, 0x0000000607800000, 0x0000000607800000|100%| O|  |TAMS 0x0000000607400000| PB 0x0000000607400000| Untracked |  0
|  30|0x0000000607800000, 0x0000000607c00000, 0x0000000607c00000|100%| O|  |TAMS 0x0000000607800000| PB 0x0000000607800000| Untracked |  0
|  31|0x0000000607c00000, 0x0000000608000000, 0x0000000608000000|100%| O|  |TAMS 0x0000000607c00000| PB 0x0000000607c00000| Untracked |  0
|  32|0x0000000608000000, 0x0000000608400000, 0x0000000608400000|100%| O|  |TAMS 0x0000000608000000| PB 0x0000000608000000| Untracked |  0
|  33|0x0000000608400000, 0x0000000608800000, 0x0000000608800000|100%| O|  |TAMS 0x0000000608400000| PB 0x0000000608400000| Untracked |  0
|  34|0x0000000608800000, 0x0000000608c00000, 0x0000000608c00000|100%| O|  |TAMS 0x0000000608800000| PB 0x0000000608800000| Untracked |  0
|  35|0x0000000608c00000, 0x0000000609000000, 0x0000000609000000|100%| O|  |TAMS 0x0000000608c00000| PB 0x0000000608c00000| Untracked |  0
|  36|0x0000000609000000, 0x0000000609400000, 0x0000000609400000|100%| O|  |TAMS 0x0000000609000000| PB 0x0000000609000000| Untracked |  0
|  37|0x0000000609400000, 0x0000000609800000, 0x0000000609800000|100%| O|  |TAMS 0x0000000609400000| PB 0x0000000609400000| Untracked |  0
|  38|0x0000000609800000, 0x0000000609c00000, 0x0000000609c00000|100%| O|  |TAMS 0x0000000609800000| PB 0x0000000609800000| Untracked |  0
|  39|0x0000000609c00000, 0x000000060a000000, 0x000000060a000000|100%| O|  |TAMS 0x0000000609c00000| PB 0x0000000609c00000| Untracked |  0
|  40|0x000000060a000000, 0x000000060a400000, 0x000000060a400000|100%| O|  |TAMS 0x000000060a000000| PB 0x000000060a000000| Untracked |  0
|  41|0x000000060a400000, 0x000000060a800000, 0x000000060a800000|100%| O|  |TAMS 0x000000060a400000| PB 0x000000060a400000| Untracked |  0
|  42|0x000000060a800000, 0x000000060ac00000, 0x000000060ac00000|100%| O|  |TAMS 0x000000060a800000| PB 0x000000060a800000| Untracked |  0
|  43|0x000000060ac00000, 0x000000060b000000, 0x000000060b000000|100%| O|  |TAMS 0x000000060ac00000| PB 0x000000060ac00000| Untracked |  0
|  44|0x000000060b000000, 0x000000060b400000, 0x000000060b400000|100%| O|  |TAMS 0x000000060b000000| PB 0x000000060b000000| Untracked |  0
|  45|0x000000060b400000, 0x000000060b800000, 0x000000060b800000|100%| O|  |TAMS 0x000000060b400000| PB 0x000000060b400000| Untracked |  0
|  46|0x000000060b800000, 0x000000060bc00000, 0x000000060bc00000|100%| O|  |TAMS 0x000000060b800000| PB 0x000000060b800000| Untracked |  0
|  47|0x000000060bc00000, 0x000000060c000000, 0x000000060c000000|100%| O|  |TAMS 0x000000060bc00000| PB 0x000000060bc00000| Untracked |  0
|  48|0x000000060c000000, 0x000000060c400000, 0x000000060c400000|100%| O|  |TAMS 0x000000060c000000| PB 0x000000060c000000| Untracked |  0
|  49|0x000000060c400000, 0x000000060c800000, 0x000000060c800000|100%| O|  |TAMS 0x000000060c400000| PB 0x000000060c400000| Untracked |  0
|  50|0x000000060c800000, 0x000000060cc00000, 0x000000060cc00000|100%| O|  |TAMS 0x000000060c800000| PB 0x000000060c800000| Untracked |  0
|  51|0x000000060cc00000, 0x000000060d000000, 0x000000060d000000|100%| O|  |TAMS 0x000000060cc00000| PB 0x000000060cc00000| Untracked |  0
|  52|0x000000060d000000, 0x000000060d400000, 0x000000060d400000|100%| O|  |TAMS 0x000000060d000000| PB 0x000000060d000000| Untracked |  0
|  53|0x000000060d400000, 0x000000060d800000, 0x000000060d800000|100%| O|  |TAMS 0x000000060d400000| PB 0x000000060d400000| Untracked |  0
|  54|0x000000060d800000, 0x000000060dc00000, 0x000000060dc00000|100%| O|  |TAMS 0x000000060d800000| PB 0x000000060d800000| Untracked |  0
|  55|0x000000060dc00000, 0x000000060e000000, 0x000000060e000000|100%| O|  |TAMS 0x000000060dc00000| PB 0x000000060dc00000| Untracked |  0
|  56|0x000000060e000000, 0x000000060e400000, 0x000000060e400000|100%| O|  |TAMS 0x000000060e000000| PB 0x000000060e000000| Untracked |  0
|  57|0x000000060e400000, 0x000000060e800000, 0x000000060e800000|100%| O|  |TAMS 0x000000060e400000| PB 0x000000060e400000| Untracked |  0
|  58|0x000000060e800000, 0x000000060ec00000, 0x000000060ec00000|100%| O|  |TAMS 0x000000060e800000| PB 0x000000060e800000| Untracked |  0
|  59|0x000000060ec00000, 0x000000060f000000, 0x000000060f000000|100%| O|  |TAMS 0x000000060ec00000| PB 0x000000060ec00000| Untracked |  0
|  60|0x000000060f000000, 0x000000060f400000, 0x000000060f400000|100%| O|  |TAMS 0x000000060f000000| PB 0x000000060f000000| Untracked |  0
|  61|0x000000060f400000, 0x000000060f800000, 0x000000060f800000|100%|HS|  |TAMS 0x000000060f400000| PB 0x000000060f400000| Complete |  0
|  62|0x000000060f800000, 0x000000060fc00000, 0x000000060fc00000|100%|HC|  |TAMS 0x000000060f800000| PB 0x000000060f800000| Complete |  0
|  63|0x000000060fc00000, 0x0000000610000000, 0x0000000610000000|100%|HC|  |TAMS 0x000000060fc00000| PB 0x000000060fc00000| Complete |  0
|  64|0x0000000610000000, 0x0000000610400000, 0x0000000610400000|100%|HS|  |TAMS 0x0000000610000000| PB 0x0000000610000000| Complete |  0
|  65|0x0000000610400000, 0x0000000610800000, 0x0000000610800000|100%|HC|  |TAMS 0x0000000610400000| PB 0x0000000610400000| Complete |  0
|  66|0x0000000610800000, 0x0000000610c00000, 0x0000000610c00000|100%|HC|  |TAMS 0x0000000610800000| PB 0x0000000610800000| Complete |  0
|  67|0x0000000610c00000, 0x0000000611000000, 0x0000000611000000|100%|HC|  |TAMS 0x0000000610c00000| PB 0x0000000610c00000| Complete |  0
|  68|0x0000000611000000, 0x0000000611400000, 0x0000000611400000|100%| O|  |TAMS 0x0000000611000000| PB 0x0000000611000000| Untracked |  0
|  69|0x0000000611400000, 0x0000000611800000, 0x0000000611800000|100%| O|  |TAMS 0x0000000611400000| PB 0x0000000611400000| Untracked |  0
|  70|0x0000000611800000, 0x0000000611c00000, 0x0000000611c00000|100%| O|  |TAMS 0x0000000611800000| PB 0x0000000611800000| Untracked |  0
|  71|0x0000000611c00000, 0x0000000612000000, 0x0000000612000000|100%| O|  |TAMS 0x0000000611c00000| PB 0x0000000611c00000| Untracked |  0
|  72|0x0000000612000000, 0x0000000612400000, 0x0000000612400000|100%| O|  |TAMS 0x0000000612000000| PB 0x0000000612000000| Untracked |  0
|  73|0x0000000612400000, 0x0000000612800000, 0x0000000612800000|100%| O|  |TAMS 0x0000000612400000| PB 0x0000000612400000| Untracked |  0
|  74|0x0000000612800000, 0x0000000612c00000, 0x0000000612c00000|100%| O|  |TAMS 0x0000000612800000| PB 0x0000000612800000| Untracked |  0
|  75|0x0000000612c00000, 0x0000000613000000, 0x0000000613000000|100%| O|  |TAMS 0x0000000612c00000| PB 0x0000000612c00000| Untracked |  0
|  76|0x0000000613000000, 0x0000000613400000, 0x0000000613400000|100%| O|  |TAMS 0x0000000613000000| PB 0x0000000613000000| Untracked |  0
|  77|0x0000000613400000, 0x0000000613800000, 0x0000000613800000|100%| O|  |TAMS 0x0000000613400000| PB 0x0000000613400000| Untracked |  0
|  78|0x0000000613800000, 0x0000000613c00000, 0x0000000613c00000|100%| O|Cm|TAMS 0x0000000613800000| PB 0x0000000613800000| Complete |  0
|  79|0x0000000613c00000, 0x0000000614000000, 0x0000000614000000|100%| O|  |TAMS 0x0000000613c00000| PB 0x0000000613c00000| Untracked |  0
|  80|0x0000000614000000, 0x0000000614400000, 0x0000000614400000|100%| O|  |TAMS 0x0000000614000000| PB 0x0000000614000000| Untracked |  0
|  81|0x0000000614400000, 0x0000000614800000, 0x0000000614800000|100%| O|  |TAMS 0x0000000614400000| PB 0x0000000614400000| Untracked |  0
|  82|0x0000000614800000, 0x0000000614c00000, 0x0000000614c00000|100%| O|  |TAMS 0x0000000614800000| PB 0x0000000614800000| Untracked |  0
|  83|0x0000000614c00000, 0x0000000615000000, 0x0000000615000000|100%| O|  |TAMS 0x0000000614c00000| PB 0x0000000614c00000| Untracked |  0
|  84|0x0000000615000000, 0x0000000615400000, 0x0000000615400000|100%| O|  |TAMS 0x0000000615000000| PB 0x0000000615000000| Untracked |  0
|  85|0x0000000615400000, 0x000000061564b700, 0x0000000615800000| 57%| O|  |TAMS 0x0000000615400000| PB 0x0000000615400000| Untracked |  0
|  86|0x0000000615800000, 0x0000000615800000, 0x0000000615c00000|  0%| F|  |TAMS 0x0000000615800000| PB 0x0000000615800000| Untracked |  0
|  87|0x0000000615c00000, 0x0000000615c00000, 0x0000000616000000|  0%| F|  |TAMS 0x0000000615c00000| PB 0x0000000615c00000| Untracked |  0
|  88|0x0000000616000000, 0x0000000616000000, 0x0000000616400000|  0%| F|  |TAMS 0x0000000616000000| PB 0x0000000616000000| Untracked |  0
|  89|0x0000000616400000, 0x0000000616400000, 0x0000000616800000|  0%| F|  |TAMS 0x0000000616400000| PB 0x0000000616400000| Untracked |  0
|  90|0x0000000616800000, 0x0000000616800000, 0x0000000616c00000|  0%| F|  |TAMS 0x0000000616800000| PB 0x0000000616800000| Untracked |  0
|  91|0x0000000616c00000, 0x0000000616c00000, 0x0000000617000000|  0%| F|  |TAMS 0x0000000616c00000| PB 0x0000000616c00000| Untracked |  0
|  92|0x0000000617000000, 0x0000000617000000, 0x0000000617400000|  0%| F|  |TAMS 0x0000000617000000| PB 0x0000000617000000| Untracked |  0
|  93|0x0000000617400000, 0x0000000617400000, 0x0000000617800000|  0%| F|  |TAMS 0x0000000617400000| PB 0x0000000617400000| Untracked |  0
|  94|0x0000000617800000, 0x0000000617800000, 0x0000000617c00000|  0%| F|  |TAMS 0x0000000617800000| PB 0x0000000617800000| Untracked |  0
|  95|0x0000000617c00000, 0x0000000617c00000, 0x0000000618000000|  0%| F|  |TAMS 0x0000000617c00000| PB 0x0000000617c00000| Untracked |  0
|  96|0x0000000618000000, 0x0000000618000000, 0x0000000618400000|  0%| F|  |TAMS 0x0000000618000000| PB 0x0000000618000000| Untracked |  0
|  97|0x0000000618400000, 0x0000000618400000, 0x0000000618800000|  0%| F|  |TAMS 0x0000000618400000| PB 0x0000000618400000| Untracked |  0
|  98|0x0000000618800000, 0x0000000618800000, 0x0000000618c00000|  0%| F|  |TAMS 0x0000000618800000| PB 0x0000000618800000| Untracked |  0
|  99|0x0000000618c00000, 0x0000000618c00000, 0x0000000619000000|  0%| F|  |TAMS 0x0000000618c00000| PB 0x0000000618c00000| Untracked |  0
| 100|0x0000000619000000, 0x0000000619000000, 0x0000000619400000|  0%| F|  |TAMS 0x0000000619000000| PB 0x0000000619000000| Untracked |  0
| 101|0x0000000619400000, 0x0000000619400000, 0x0000000619800000|  0%| F|  |TAMS 0x0000000619400000| PB 0x0000000619400000| Untracked |  0
| 102|0x0000000619800000, 0x0000000619800000, 0x0000000619c00000|  0%| F|  |TAMS 0x0000000619800000| PB 0x0000000619800000| Untracked |  0
| 103|0x0000000619c00000, 0x0000000619c00000, 0x000000061a000000|  0%| F|  |TAMS 0x0000000619c00000| PB 0x0000000619c00000| Untracked |  0
| 104|0x000000061a000000, 0x000000061a000000, 0x000000061a400000|  0%| F|  |TAMS 0x000000061a000000| PB 0x000000061a000000| Untracked |  0
| 105|0x000000061a400000, 0x000000061a400000, 0x000000061a800000|  0%| F|  |TAMS 0x000000061a400000| PB 0x000000061a400000| Untracked |  0
| 106|0x000000061a800000, 0x000000061a800000, 0x000000061ac00000|  0%| F|  |TAMS 0x000000061a800000| PB 0x000000061a800000| Untracked |  0
| 107|0x000000061ac00000, 0x000000061ac00000, 0x000000061b000000|  0%| F|  |TAMS 0x000000061ac00000| PB 0x000000061ac00000| Untracked |  0
| 108|0x000000061b000000, 0x000000061b000000, 0x000000061b400000|  0%| F|  |TAMS 0x000000061b000000| PB 0x000000061b000000| Untracked |  0
| 109|0x000000061b400000, 0x000000061b400000, 0x000000061b800000|  0%| F|  |TAMS 0x000000061b400000| PB 0x000000061b400000| Untracked |  0
| 110|0x000000061b800000, 0x000000061b800000, 0x000000061bc00000|  0%| F|  |TAMS 0x000000061b800000| PB 0x000000061b800000| Untracked |  0
| 111|0x000000061bc00000, 0x000000061bc00000, 0x000000061c000000|  0%| F|  |TAMS 0x000000061bc00000| PB 0x000000061bc00000| Untracked |  0
| 112|0x000000061c000000, 0x000000061c000000, 0x000000061c400000|  0%| F|  |TAMS 0x000000061c000000| PB 0x000000061c000000| Untracked |  0
| 113|0x000000061c400000, 0x000000061c400000, 0x000000061c800000|  0%| F|  |TAMS 0x000000061c400000| PB 0x000000061c400000| Untracked |  0
| 114|0x000000061c800000, 0x000000061c800000, 0x000000061cc00000|  0%| F|  |TAMS 0x000000061c800000| PB 0x000000061c800000| Untracked |  0
| 115|0x000000061cc00000, 0x000000061cc00000, 0x000000061d000000|  0%| F|  |TAMS 0x000000061cc00000| PB 0x000000061cc00000| Untracked |  0
| 116|0x000000061d000000, 0x000000061d000000, 0x000000061d400000|  0%| F|  |TAMS 0x000000061d000000| PB 0x000000061d000000| Untracked |  0
| 117|0x000000061d400000, 0x000000061d400000, 0x000000061d800000|  0%| F|  |TAMS 0x000000061d400000| PB 0x000000061d400000| Untracked |  0
| 118|0x000000061d800000, 0x000000061d800000, 0x000000061dc00000|  0%| F|  |TAMS 0x000000061d800000| PB 0x000000061d800000| Untracked |  0
| 119|0x000000061dc00000, 0x000000061dc00000, 0x000000061e000000|  0%| F|  |TAMS 0x000000061dc00000| PB 0x000000061dc00000| Untracked |  0
| 120|0x000000061e000000, 0x000000061e000000, 0x000000061e400000|  0%| F|  |TAMS 0x000000061e000000| PB 0x000000061e000000| Untracked |  0
| 121|0x000000061e400000, 0x000000061e400000, 0x000000061e800000|  0%| F|  |TAMS 0x000000061e400000| PB 0x000000061e400000| Untracked |  0
| 122|0x000000061e800000, 0x000000061e800000, 0x000000061ec00000|  0%| F|  |TAMS 0x000000061e800000| PB 0x000000061e800000| Untracked |  0
| 123|0x000000061ec00000, 0x000000061ec00000, 0x000000061f000000|  0%| F|  |TAMS 0x000000061ec00000| PB 0x000000061ec00000| Untracked |  0
| 124|0x000000061f000000, 0x000000061f000000, 0x000000061f400000|  0%| F|  |TAMS 0x000000061f000000| PB 0x000000061f000000| Untracked |  0
| 125|0x000000061f400000, 0x000000061f400000, 0x000000061f800000|  0%| F|  |TAMS 0x000000061f400000| PB 0x000000061f400000| Untracked |  0
| 126|0x000000061f800000, 0x000000061f800000, 0x000000061fc00000|  0%| F|  |TAMS 0x000000061f800000| PB 0x000000061f800000| Untracked |  0
| 127|0x000000061fc00000, 0x000000061fc00000, 0x0000000620000000|  0%| F|  |TAMS 0x000000061fc00000| PB 0x000000061fc00000| Untracked |  0
| 128|0x0000000620000000, 0x0000000620000000, 0x0000000620400000|  0%| F|  |TAMS 0x0000000620000000| PB 0x0000000620000000| Untracked |  0
| 129|0x0000000620400000, 0x0000000620400000, 0x0000000620800000|  0%| F|  |TAMS 0x0000000620400000| PB 0x0000000620400000| Untracked |  0
| 130|0x0000000620800000, 0x0000000620800000, 0x0000000620c00000|  0%| F|  |TAMS 0x0000000620800000| PB 0x0000000620800000| Untracked |  0
| 131|0x0000000620c00000, 0x0000000620c00000, 0x0000000621000000|  0%| F|  |TAMS 0x0000000620c00000| PB 0x0000000620c00000| Untracked |  0
| 132|0x0000000621000000, 0x0000000621000000, 0x0000000621400000|  0%| F|  |TAMS 0x0000000621000000| PB 0x0000000621000000| Untracked |  0
| 133|0x0000000621400000, 0x0000000621400000, 0x0000000621800000|  0%| F|  |TAMS 0x0000000621400000| PB 0x0000000621400000| Untracked |  0
| 134|0x0000000621800000, 0x0000000621800000, 0x0000000621c00000|  0%| F|  |TAMS 0x0000000621800000| PB 0x0000000621800000| Untracked |  0
| 135|0x0000000621c00000, 0x0000000621c00000, 0x0000000622000000|  0%| F|  |TAMS 0x0000000621c00000| PB 0x0000000621c00000| Untracked |  0
| 136|0x0000000622000000, 0x0000000622000000, 0x0000000622400000|  0%| F|  |TAMS 0x0000000622000000| PB 0x0000000622000000| Untracked |  0
| 137|0x0000000622400000, 0x0000000622400000, 0x0000000622800000|  0%| F|  |TAMS 0x0000000622400000| PB 0x0000000622400000| Untracked |  0
| 138|0x0000000622800000, 0x0000000622800000, 0x0000000622c00000|  0%| F|  |TAMS 0x0000000622800000| PB 0x0000000622800000| Untracked |  0
| 139|0x0000000622c00000, 0x0000000622c00000, 0x0000000623000000|  0%| F|  |TAMS 0x0000000622c00000| PB 0x0000000622c00000| Untracked |  0
| 140|0x0000000623000000, 0x0000000623000000, 0x0000000623400000|  0%| F|  |TAMS 0x0000000623000000| PB 0x0000000623000000| Untracked |  0
| 141|0x0000000623400000, 0x0000000623400000, 0x0000000623800000|  0%| F|  |TAMS 0x0000000623400000| PB 0x0000000623400000| Untracked |  0
| 142|0x0000000623800000, 0x0000000623800000, 0x0000000623c00000|  0%| F|  |TAMS 0x0000000623800000| PB 0x0000000623800000| Untracked |  0
| 143|0x0000000623c00000, 0x0000000623c00000, 0x0000000624000000|  0%| F|  |TAMS 0x0000000623c00000| PB 0x0000000623c00000| Untracked |  0
| 144|0x0000000624000000, 0x0000000624000000, 0x0000000624400000|  0%| F|  |TAMS 0x0000000624000000| PB 0x0000000624000000| Untracked |  0
| 145|0x0000000624400000, 0x0000000624400000, 0x0000000624800000|  0%| F|  |TAMS 0x0000000624400000| PB 0x0000000624400000| Untracked |  0
| 146|0x0000000624800000, 0x0000000624800000, 0x0000000624c00000|  0%| F|  |TAMS 0x0000000624800000| PB 0x0000000624800000| Untracked |  0
| 147|0x0000000624c00000, 0x0000000624c00000, 0x0000000625000000|  0%| F|  |TAMS 0x0000000624c00000| PB 0x0000000624c00000| Untracked |  0
| 148|0x0000000625000000, 0x0000000625000000, 0x0000000625400000|  0%| F|  |TAMS 0x0000000625000000| PB 0x0000000625000000| Untracked |  0
| 149|0x0000000625400000, 0x0000000625800000, 0x0000000625800000|100%| E|  |TAMS 0x0000000625400000| PB 0x0000000625400000| Complete |  0
| 150|0x0000000625800000, 0x0000000625c00000, 0x0000000625c00000|100%| E|CS|TAMS 0x0000000625800000| PB 0x0000000625800000| Complete |  0
| 151|0x0000000625c00000, 0x0000000626000000, 0x0000000626000000|100%| E|CS|TAMS 0x0000000625c00000| PB 0x0000000625c00000| Complete |  0
| 152|0x0000000626000000, 0x0000000626400000, 0x0000000626400000|100%| E|CS|TAMS 0x0000000626000000| PB 0x0000000626000000| Complete |  0
| 153|0x0000000626400000, 0x0000000626800000, 0x0000000626800000|100%| E|CS|TAMS 0x0000000626400000| PB 0x0000000626400000| Complete |  0
| 154|0x0000000626800000, 0x0000000626c00000, 0x0000000626c00000|100%| E|CS|TAMS 0x0000000626800000| PB 0x0000000626800000| Complete |  0
| 155|0x0000000626c00000, 0x0000000627000000, 0x0000000627000000|100%| E|CS|TAMS 0x0000000626c00000| PB 0x0000000626c00000| Complete |  0
| 156|0x0000000627000000, 0x0000000627400000, 0x0000000627400000|100%| E|CS|TAMS 0x0000000627000000| PB 0x0000000627000000| Complete |  0
| 157|0x0000000627400000, 0x0000000627800000, 0x0000000627800000|100%| E|CS|TAMS 0x0000000627400000| PB 0x0000000627400000| Complete |  0
| 158|0x0000000627800000, 0x0000000627c00000, 0x0000000627c00000|100%| E|CS|TAMS 0x0000000627800000| PB 0x0000000627800000| Complete |  0
| 159|0x0000000627c00000, 0x0000000628000000, 0x0000000628000000|100%| E|CS|TAMS 0x0000000627c00000| PB 0x0000000627c00000| Complete |  0
| 160|0x0000000628000000, 0x0000000628400000, 0x0000000628400000|100%| E|CS|TAMS 0x0000000628000000| PB 0x0000000628000000| Complete |  0
| 161|0x0000000628400000, 0x0000000628800000, 0x0000000628800000|100%| E|CS|TAMS 0x0000000628400000| PB 0x0000000628400000| Complete |  0
| 162|0x0000000628800000, 0x0000000628c00000, 0x0000000628c00000|100%| E|CS|TAMS 0x0000000628800000| PB 0x0000000628800000| Complete |  0
| 163|0x0000000628c00000, 0x0000000629000000, 0x0000000629000000|100%| E|CS|TAMS 0x0000000628c00000| PB 0x0000000628c00000| Complete |  0
| 164|0x0000000629000000, 0x0000000629400000, 0x0000000629400000|100%| E|CS|TAMS 0x0000000629000000| PB 0x0000000629000000| Complete |  0
| 165|0x0000000629400000, 0x0000000629800000, 0x0000000629800000|100%| E|CS|TAMS 0x0000000629400000| PB 0x0000000629400000| Complete |  0
| 166|0x0000000629800000, 0x0000000629c00000, 0x0000000629c00000|100%| E|CS|TAMS 0x0000000629800000| PB 0x0000000629800000| Complete |  0
| 167|0x0000000629c00000, 0x000000062a000000, 0x000000062a000000|100%| E|CS|TAMS 0x0000000629c00000| PB 0x0000000629c00000| Complete |  0
| 168|0x000000062a000000, 0x000000062a400000, 0x000000062a400000|100%| E|CS|TAMS 0x000000062a000000| PB 0x000000062a000000| Complete |  0
| 169|0x000000062a400000, 0x000000062a800000, 0x000000062a800000|100%| E|CS|TAMS 0x000000062a400000| PB 0x000000062a400000| Complete |  0
| 170|0x000000062a800000, 0x000000062ac00000, 0x000000062ac00000|100%| E|CS|TAMS 0x000000062a800000| PB 0x000000062a800000| Complete |  0
| 171|0x000000062ac00000, 0x000000062b000000, 0x000000062b000000|100%| E|CS|TAMS 0x000000062ac00000| PB 0x000000062ac00000| Complete |  0
| 172|0x000000062b000000, 0x000000062b400000, 0x000000062b400000|100%| E|CS|TAMS 0x000000062b000000| PB 0x000000062b000000| Complete |  0
| 173|0x000000062b400000, 0x000000062b800000, 0x000000062b800000|100%| E|CS|TAMS 0x000000062b400000| PB 0x000000062b400000| Complete |  0
| 174|0x000000062b800000, 0x000000062bc00000, 0x000000062bc00000|100%| E|CS|TAMS 0x000000062b800000| PB 0x000000062b800000| Complete |  0
| 175|0x000000062bc00000, 0x000000062c000000, 0x000000062c000000|100%| E|CS|TAMS 0x000000062bc00000| PB 0x000000062bc00000| Complete |  0
| 176|0x000000062c000000, 0x000000062c400000, 0x000000062c400000|100%| E|CS|TAMS 0x000000062c000000| PB 0x000000062c000000| Complete |  0
| 177|0x000000062c400000, 0x000000062c800000, 0x000000062c800000|100%| E|CS|TAMS 0x000000062c400000| PB 0x000000062c400000| Complete |  0
| 178|0x000000062c800000, 0x000000062cc00000, 0x000000062cc00000|100%| E|CS|TAMS 0x000000062c800000| PB 0x000000062c800000| Complete |  0
| 179|0x000000062cc00000, 0x000000062d000000, 0x000000062d000000|100%| E|CS|TAMS 0x000000062cc00000| PB 0x000000062cc00000| Complete |  0
| 180|0x000000062d000000, 0x000000062d400000, 0x000000062d400000|100%| E|CS|TAMS 0x000000062d000000| PB 0x000000062d000000| Complete |  0
| 181|0x000000062d400000, 0x000000062d800000, 0x000000062d800000|100%| E|CS|TAMS 0x000000062d400000| PB 0x000000062d400000| Complete |  0
| 182|0x000000062d800000, 0x000000062dc00000, 0x000000062dc00000|100%| E|CS|TAMS 0x000000062d800000| PB 0x000000062d800000| Complete |  0
| 183|0x000000062dc00000, 0x000000062e000000, 0x000000062e000000|100%| E|CS|TAMS 0x000000062dc00000| PB 0x000000062dc00000| Complete |  0
| 184|0x000000062e000000, 0x000000062e400000, 0x000000062e400000|100%| E|CS|TAMS 0x000000062e000000| PB 0x000000062e000000| Complete |  0
| 185|0x000000062e400000, 0x000000062e800000, 0x000000062e800000|100%| E|CS|TAMS 0x000000062e400000| PB 0x000000062e400000| Complete |  0

Card table byte_map: [0x0000019836590000,0x0000019837590000] _byte_map_base: 0x0000019833590000

Marking Bits: (CMBitMap*) 0x000001981da6f990
 Bits: [0x0000019837590000, 0x000001983f590000)

Polling page: 0x000001981b920000

Metaspace:

Usage:
  Non-class:     12.23 MB used.
      Class:   1008.52 KB used.
       Both:     13.22 MB used.

Virtual space:
  Non-class space:       64.00 MB reserved,      12.38 MB ( 19%) committed,  1 nodes.
      Class space:        1.00 GB reserved,       1.12 MB ( <1%) committed,  1 nodes.
             Both:        1.06 GB reserved,      13.50 MB (  1%) committed. 

Chunk freelists:
   Non-Class:  3.39 MB
       Class:  14.78 MB
        Both:  18.17 MB

MaxMetaspaceSize: unlimited
CompressedClassSpaceSize: 1.00 GB
Initial GC threshold: 21.00 MB
Current GC threshold: 22.44 MB
CDS: on
 - commit_granule_bytes: 65536.
 - commit_granule_words: 8192.
 - virtual_space_node_default_size: 8388608.
 - enlarge_chunks_in_place: 1.
 - use_allocation_guard: 0.


Internal statistics:

num_allocs_failed_limit: 0.
num_arena_births: 204.
num_arena_deaths: 0.
num_vsnodes_births: 2.
num_vsnodes_deaths: 0.
num_space_committed: 214.
num_space_uncommitted: 0.
num_chunks_returned_to_freelist: 0.
num_chunks_taken_from_freelist: 510.
num_chunk_merges: 0.
num_chunk_splits: 384.
num_chunks_enlarged: 289.
num_inconsistent_stats: 0.

CodeHeap 'non-profiled nmethods': size=119168Kb used=898Kb max_used=961Kb free=118270Kb
 bounds [0x000001982d8a0000, 0x000001982db10000, 0x0000019834d00000]
CodeHeap 'profiled nmethods': size=119104Kb used=2625Kb max_used=3059Kb free=116478Kb
 bounds [0x0000019825d00000, 0x0000019826000000, 0x000001982d150000]
CodeHeap 'non-nmethods': size=7488Kb used=2036Kb max_used=3769Kb free=5451Kb
 bounds [0x000001982d150000, 0x000001982d510000, 0x000001982d8a0000]
 total_blobs=2575 nmethods=1568 adapters=912
 compilation: enabled
              stopped_count=0, restarted_count=0
 full_count=0

Compilation events (20 events):
Event: 2.891 Thread 0x000001988a9af0a0 nmethod 1765 0x000001982d96f790 code [0x000001982d96f940, 0x000001982d96ff30]
Event: 2.897 Thread 0x00000198988dddc0 1773       4       jdk.internal.math.FloatToDecimal::removeTrailingZeroes (52 bytes)
Event: 2.899 Thread 0x00000198988dddc0 nmethod 1773 0x000001982d970210 code [0x000001982d9703a0, 0x000001982d970500]
Event: 2.905 Thread 0x00000198988deb60 nmethod 1769 0x000001982d970610 code [0x000001982d970980, 0x000001982d972440]
Event: 2.917 Thread 0x00000198d60f1860 nmethod 1770 0x000001982d973790 code [0x000001982d9739e0, 0x000001982d9749c0]
Event: 2.935 Thread 0x000001988a9b0790 nmethod 1767 0x000001982d975110 code [0x000001982d9756c0, 0x000001982d979550]
Event: 2.966 Thread 0x00000198d621af60 nmethod 1761 0x000001982d97be90 code [0x000001982d97c540, 0x000001982d981588]
Event: 2.973 Thread 0x000001984269ffb0 nmethod 1759 0x000001982d985190 code [0x000001982d9858a0, 0x000001982d98ae10]
Event: 3.017 Thread 0x000001988a9af0a0 1774 %     4       org.MykytaInUA.SimpleGameEngine.rendering.shaders.RenderUnit::sendObjectsToGPU @ 531 (680 bytes)
Event: 3.023 Thread 0x000001988a9af0a0 nmethod 1774% 0x000001982d98f010 code [0x000001982d98f200, 0x000001982d98f8e8]
Event: 3.046 Thread 0x00000198d621a8a0 1775       4       java.nio.Buffer::hasRemaining (17 bytes)
Event: 3.046 Thread 0x00000198d621a8a0 nmethod 1775 0x000001982d98fd90 code [0x000001982d98ff00, 0x000001982d98ffa0]
Event: 3.225 Thread 0x000001984273a340 1776       3       jdk.internal.math.FloatToDecimal::toChars2 (42 bytes)
Event: 3.225 Thread 0x00000198d6123590 1777       3       jdk.internal.math.FloatToDecimal::append8Digits (42 bytes)
Event: 3.226 Thread 0x00000198d6123590 nmethod 1777 0x0000019825ffbd10 code [0x0000019825ffbee0, 0x0000019825ffc1f0]
Event: 3.226 Thread 0x000001984273a340 nmethod 1776 0x0000019825ffc390 code [0x0000019825ffc580, 0x0000019825ffc9d0]
Event: 6.031 Thread 0x000001984269ffb0 1778       4       jdk.internal.math.FloatToDecimal::append8Digits (42 bytes)
Event: 6.033 Thread 0x000001984269ffb0 nmethod 1778 0x000001982d990090 code [0x000001982d990200, 0x000001982d9903f8]
Event: 11.099 Thread 0x000001984269ffb0 1779       4       jdk.internal.math.FloatToDecimal::toChars2 (42 bytes)
Event: 11.103 Thread 0x000001984269ffb0 nmethod 1779 0x000001982d8eee90 code [0x000001982d8ef020, 0x000001982d8ef440]

GC Heap History (20 events):
Event: 2.458 GC heap before
{Heap before GC invocations=1 (full 0):
 garbage-first heap   total reserved 8388608K, committed 253952K, used 44166K [0x0000000600000000, 0x0000000800000000)
  region size 4096K, 10 young (40960K), 1 survivors (4096K)
 Metaspace       used 13427K, committed 13760K, reserved 1114112K
  class space    used 1006K, committed 1152K, reserved 1048576K
}
Event: 2.466 GC heap after
{Heap after GC invocations=2 (full 0):
 garbage-first heap   total reserved 8388608K, committed 253952K, used 18383K [0x0000000600000000, 0x0000000800000000)
  region size 4096K, 2 young (8192K), 2 survivors (8192K)
 Metaspace       used 13427K, committed 13760K, reserved 1114112K
  class space    used 1006K, committed 1152K, reserved 1048576K
}
Event: 2.492 GC heap before
{Heap before GC invocations=2 (full 0):
 garbage-first heap   total reserved 8388608K, committed 253952K, used 75727K [0x0000000600000000, 0x0000000800000000)
  region size 4096K, 16 young (65536K), 2 survivors (8192K)
 Metaspace       used 13444K, committed 13760K, reserved 1114112K
  class space    used 1006K, committed 1152K, reserved 1048576K
}
Event: 2.506 GC heap after
{Heap after GC invocations=3 (full 0):
 garbage-first heap   total reserved 8388608K, committed 253952K, used 49802K [0x0000000600000000, 0x0000000800000000)
  region size 4096K, 2 young (8192K), 2 survivors (8192K)
 Metaspace       used 13444K, committed 13760K, reserved 1114112K
  class space    used 1006K, committed 1152K, reserved 1048576K
}
Event: 2.523 GC heap before
{Heap before GC invocations=3 (full 0):
 garbage-first heap   total reserved 8388608K, committed 253952K, used 94858K [0x0000000600000000, 0x0000000800000000)
  region size 4096K, 13 young (53248K), 2 survivors (8192K)
 Metaspace       used 13444K, committed 13760K, reserved 1114112K
  class space    used 1006K, committed 1152K, reserved 1048576K
}
Event: 2.534 GC heap after
{Heap after GC invocations=4 (full 0):
 garbage-first heap   total reserved 8388608K, committed 253952K, used 77824K [0x0000000600000000, 0x0000000800000000)
  region size 4096K, 2 young (8192K), 2 survivors (8192K)
 Metaspace       used 13444K, committed 13760K, reserved 1114112K
  class space    used 1006K, committed 1152K, reserved 1048576K
}
Event: 2.550 GC heap before
{Heap before GC invocations=4 (full 0):
 garbage-first heap   total reserved 8388608K, committed 253952K, used 135168K [0x0000000600000000, 0x0000000800000000)
  region size 4096K, 16 young (65536K), 2 survivors (8192K)
 Metaspace       used 13444K, committed 13760K, reserved 1114112K
  class space    used 1006K, committed 1152K, reserved 1048576K
}
Event: 2.563 GC heap after
{Heap after GC invocations=5 (full 0):
 garbage-first heap   total reserved 8388608K, committed 253952K, used 114528K [0x0000000600000000, 0x0000000800000000)
  region size 4096K, 2 young (8192K), 2 survivors (8192K)
 Metaspace       used 13444K, committed 13760K, reserved 1114112K
  class space    used 1006K, committed 1152K, reserved 1048576K
}
Event: 2.578 GC heap before
{Heap before GC invocations=5 (full 0):
 garbage-first heap   total reserved 8388608K, committed 253952K, used 171872K [0x0000000600000000, 0x0000000800000000)
  region size 4096K, 16 young (65536K), 2 survivors (8192K)
 Metaspace       used 13444K, committed 13760K, reserved 1114112K
  class space    used 1006K, committed 1152K, reserved 1048576K
}
Event: 2.591 GC heap after
{Heap after GC invocations=6 (full 0):
 garbage-first heap   total reserved 8388608K, committed 253952K, used 151187K [0x0000000600000000, 0x0000000800000000)
  region size 4096K, 2 young (8192K), 2 survivors (8192K)
 Metaspace       used 13444K, committed 13760K, reserved 1114112K
  class space    used 1006K, committed 1152K, reserved 1048576K
}
Event: 2.601 GC heap before
{Heap before GC invocations=6 (full 0):
 garbage-first heap   total reserved 8388608K, committed 253952K, used 192147K [0x0000000600000000, 0x0000000800000000)
  region size 4096K, 12 young (49152K), 2 survivors (8192K)
 Metaspace       used 13444K, committed 13760K, reserved 1114112K
  class space    used 1006K, committed 1152K, reserved 1048576K
}
Event: 2.612 GC heap after
{Heap after GC invocations=7 (full 0):
 garbage-first heap   total reserved 8388608K, committed 761856K, used 177437K [0x0000000600000000, 0x0000000800000000)
  region size 4096K, 2 young (8192K), 2 survivors (8192K)
 Metaspace       used 13444K, committed 13760K, reserved 1114112K
  class space    used 1006K, committed 1152K, reserved 1048576K
}
Event: 2.663 GC heap before
{Heap before GC invocations=7 (full 0):
 garbage-first heap   total reserved 8388608K, committed 761856K, used 312605K [0x0000000600000000, 0x0000000800000000)
  region size 4096K, 35 young (143360K), 2 survivors (8192K)
 Metaspace       used 13444K, committed 13760K, reserved 1114112K
  class space    used 1006K, committed 1152K, reserved 1048576K
}
Event: 2.685 GC heap after
{Heap after GC invocations=8 (full 0):
 garbage-first heap   total reserved 8388608K, committed 761856K, used 261248K [0x0000000600000000, 0x0000000800000000)
  region size 4096K, 5 young (20480K), 5 survivors (20480K)
 Metaspace       used 13444K, committed 13760K, reserved 1114112K
  class space    used 1006K, committed 1152K, reserved 1048576K
}
Event: 3.416 GC heap before
{Heap before GC invocations=9 (full 0):
 garbage-first heap   total reserved 8388608K, committed 761856K, used 408704K [0x0000000600000000, 0x0000000800000000)
  region size 4096K, 34 young (139264K), 5 survivors (20480K)
 Metaspace       used 13534K, committed 13824K, reserved 1114112K
  class space    used 1008K, committed 1152K, reserved 1048576K
}
Event: 3.433 GC heap after
{Heap after GC invocations=10 (full 0):
 garbage-first heap   total reserved 8388608K, committed 761856K, used 344927K [0x0000000600000000, 0x0000000800000000)
  region size 4096K, 5 young (20480K), 5 survivors (20480K)
 Metaspace       used 13534K, committed 13824K, reserved 1114112K
  class space    used 1008K, committed 1152K, reserved 1048576K
}
Event: 5.984 GC heap before
{Heap before GC invocations=10 (full 0):
 garbage-first heap   total reserved 8388608K, committed 761856K, used 480095K [0x0000000600000000, 0x0000000800000000)
  region size 4096K, 38 young (155648K), 5 survivors (20480K)
 Metaspace       used 13534K, committed 13824K, reserved 1114112K
  class space    used 1008K, committed 1152K, reserved 1048576K
}
Event: 5.989 GC heap after
{Heap after GC invocations=11 (full 0):
 garbage-first heap   total reserved 8388608K, committed 761856K, used 346716K [0x0000000600000000, 0x0000000800000000)
  region size 4096K, 1 young (4096K), 1 survivors (4096K)
 Metaspace       used 13534K, committed 13824K, reserved 1114112K
  class space    used 1008K, committed 1152K, reserved 1048576K
}
Event: 9.544 GC heap before
{Heap before GC invocations=11 (full 0):
 garbage-first heap   total reserved 8388608K, committed 761856K, used 526940K [0x0000000600000000, 0x0000000800000000)
  region size 4096K, 45 young (184320K), 1 survivors (4096K)
 Metaspace       used 13534K, committed 13824K, reserved 1114112K
  class space    used 1008K, committed 1152K, reserved 1048576K
}
Event: 9.545 GC heap after
{Heap after GC invocations=12 (full 0):
 garbage-first heap   total reserved 8388608K, committed 761856K, used 346413K [0x0000000600000000, 0x0000000800000000)
  region size 4096K, 0 young (0K), 0 survivors (0K)
 Metaspace       used 13534K, committed 13824K, reserved 1114112K
  class space    used 1008K, committed 1152K, reserved 1048576K
}

Dll operation events (17 events):
Event: 0.007 Loaded shared library C:\Program Files\Java\jdk-22\bin\java.dll
Event: 0.026 Loaded shared library C:\Program Files\Java\jdk-22\bin\jsvml.dll
Event: 0.053 Loaded shared library C:\Program Files\Java\jdk-22\bin\net.dll
Event: 0.055 Loaded shared library C:\Program Files\Java\jdk-22\bin\nio.dll
Event: 0.059 Loaded shared library C:\Program Files\Java\jdk-22\bin\zip.dll
Event: 0.086 Loaded shared library C:\Program Files\Java\jdk-22\bin\jimage.dll
Event: 0.272 Loaded shared library C:\Users\nikit\AppData\Local\Temp\jogamp_0000\file_cache\jln17687034948303434174\jln1709012448491068079\natives\windows-amd64\gluegen_rt.dll
Event: 0.304 Loaded shared library C:\Program Files\Java\jdk-22\bin\awt.dll
Event: 0.341 Loaded shared library C:\Program Files\Java\jdk-22\bin\jawt.dll
Event: 0.346 Loaded shared library C:\Users\nikit\AppData\Local\Temp\jogamp_0000\file_cache\jln17687034948303434174\jln1709012448491068079\natives\windows-amd64\nativewindow_awt.dll
Event: 0.371 Loaded shared library C:\Users\nikit\AppData\Local\Temp\jogamp_0000\file_cache\jln17687034948303434174\jln1709012448491068079\natives\windows-amd64\nativewindow_win32.dll
Event: 0.464 Loaded shared library C:\Users\nikit\AppData\Local\Temp\jogamp_0000\file_cache\jln17687034948303434174\jln1709012448491068079\natives\windows-amd64\jogl_desktop.dll
Event: 0.522 Loaded shared library C:\Users\nikit\AppData\Local\Temp\jogamp_0000\file_cache\jln17687034948303434174\jln1709012448491068079\natives\windows-amd64\jogl_mobile.dll
Event: 1.797 Loaded shared library C:\Users\nikit\AppData\Local\Temp\jogamp_0000\file_cache\jln17687034948303434174\jln1709012448491068079\natives\windows-amd64\newt_head.dll
Event: 1.833 Loaded shared library C:\Program Files\Java\jdk-22\bin\verify.dll
Event: 1.913 Loaded shared library C:\Users\nikit\OneDrive\Рабочий стол\OpenGL\SimpleGameEngine\SimpleGameEngine\libs\jinput-dx8_64.dll
Event: 2.001 Loaded shared library C:\Users\nikit\OneDrive\Рабочий стол\OpenGL\SimpleGameEngine\SimpleGameEngine\libs\jinput-raw_64.dll

Deoptimization events (20 events):
Event: 2.737 Thread 0x000001988a9a9ad0 DEOPT PACKING pc=0x0000019825fc4b3c sp=0x000000466d0fed90
Event: 2.737 Thread 0x000001988a9a9ad0 DEOPT UNPACKING pc=0x000001982d1a4e42 sp=0x000000466d0fe2a8 mode 0
Event: 2.746 Thread 0x000001988a9a9ad0 Uncommon trap: trap_request=0xffffff45 fr.pc=0x000001982d947508 relative=0x00000000000006e8
Event: 2.746 Thread 0x000001988a9a9ad0 Uncommon trap: reason=unstable_if action=reinterpret pc=0x000001982d947508 method=org.MykytaInUA.SimpleGameEngine.rendering.shaders.ObjectToDataConverter.getComponentsAsFloatBuffer(Ljava/lang/Class;[Lorg/MykytaInUA/SimpleGameEngine/objects/Object3D;)Ljava
Event: 2.746 Thread 0x000001988a9a9ad0 DEOPT PACKING pc=0x000001982d947508 sp=0x000000466d0fede0
Event: 2.746 Thread 0x000001988a9a9ad0 DEOPT UNPACKING pc=0x000001982d1a46a2 sp=0x000000466d0fedb8 mode 2
Event: 2.782 Thread 0x000001988a9a9ad0 Uncommon trap: trap_request=0xffffff45 fr.pc=0x000001982d9488f8 relative=0x00000000000005d8
Event: 2.782 Thread 0x000001988a9a9ad0 Uncommon trap: reason=unstable_if action=reinterpret pc=0x000001982d9488f8 method=org.MykytaInUA.SimpleGameEngine.rendering.shaders.RenderUnit.sendObjectsToGPU([Lorg/MykytaInUA/SimpleGameEngine/objects/Object3D;[Lorg/MykytaInUA/SimpleGameEngine/objects/co
Event: 2.782 Thread 0x000001988a9a9ad0 DEOPT PACKING pc=0x000001982d9488f8 sp=0x000000466d0fee70
Event: 2.782 Thread 0x000001988a9a9ad0 DEOPT UNPACKING pc=0x000001982d1a46a2 sp=0x000000466d0fee40 mode 2
Event: 2.836 Thread 0x000001988a9a9ad0 Uncommon trap: trap_request=0xffffff45 fr.pc=0x000001982d9540e4 relative=0x00000000000004a4
Event: 2.836 Thread 0x000001988a9a9ad0 Uncommon trap: reason=unstable_if action=reinterpret pc=0x000001982d9540e4 method=jdk.internal.math.FloatToDecimal.removeTrailingZeroes()V @ 38 c2
Event: 2.836 Thread 0x000001988a9a9ad0 DEOPT PACKING pc=0x000001982d9540e4 sp=0x000000466d0feae0
Event: 2.836 Thread 0x000001988a9a9ad0 DEOPT UNPACKING pc=0x000001982d1a46a2 sp=0x000000466d0fe9f0 mode 2
Event: 3.045 Thread 0x000001988a9a9ad0 DEOPT PACKING pc=0x0000019825ff904e sp=0x000000466d0fed30
Event: 3.045 Thread 0x000001988a9a9ad0 DEOPT UNPACKING pc=0x000001982d1a4e42 sp=0x000000466d0fe338 mode 0
Event: 12.682 Thread 0x000001988a9a9ad0 Uncommon trap: trap_request=0xffffff45 fr.pc=0x000001982d98f7c4 relative=0x00000000000005c4
Event: 12.682 Thread 0x000001988a9a9ad0 Uncommon trap: reason=unstable_if action=reinterpret pc=0x000001982d98f7c4 method=org.MykytaInUA.SimpleGameEngine.rendering.shaders.RenderUnit.sendObjectsToGPU([Lorg/MykytaInUA/SimpleGameEngine/objects/Object3D;[Lorg/MykytaInUA/SimpleGameEngine/objects/co
Event: 12.682 Thread 0x000001988a9a9ad0 DEOPT PACKING pc=0x000001982d98f7c4 sp=0x000000466d0fee70
Event: 12.682 Thread 0x000001988a9a9ad0 DEOPT UNPACKING pc=0x000001982d1a46a2 sp=0x000000466d0fee48 mode 2

Classes loaded (20 events):
Event: 2.375 Loading class sun/nio/ch/Util
Event: 2.375 Loading class sun/nio/ch/Util done
Event: 2.375 Loading class sun/nio/ch/Util$1
Event: 2.375 Loading class sun/nio/ch/Util$1 done
Event: 2.375 Loading class sun/nio/ch/Util$BufferCache
Event: 2.375 Loading class sun/nio/ch/Util$BufferCache done
Event: 2.375 Loading class sun/nio/ch/IOStatus
Event: 2.375 Loading class sun/nio/ch/IOStatus done
Event: 2.375 Loading class java/util/regex/Matcher$ImmutableMatchResult
Event: 2.376 Loading class java/util/regex/Matcher$ImmutableMatchResult done
Event: 2.376 Loading class java/util/LinkedList$Node
Event: 2.376 Loading class java/util/LinkedList$Node done
Event: 2.714 Loading class jdk/internal/foreign/MemorySessionImpl
Event: 2.714 Loading class java/lang/foreign/MemorySegment$Scope
Event: 2.714 Loading class java/lang/foreign/MemorySegment$Scope done
Event: 2.714 Loading class jdk/internal/foreign/MemorySessionImpl done
Event: 2.746 Loading class java/nio/DirectFloatBufferS
Event: 2.746 Loading class java/nio/DirectFloatBufferS done
Event: 2.808 Loading class java/nio/HeapFloatBuffer
Event: 2.808 Loading class java/nio/HeapFloatBuffer done

Classes unloaded (0 events):
No events

Classes redefined (0 events):
No events

Internal exceptions (20 events):
Event: 0.116 Thread 0x000001981b677d70 Exception <a 'java/lang/NoSuchMethodError'{0x000000060f119508}: 'java.lang.Object java.lang.invoke.DirectMethodHandle$Holder.invokeStaticInit(java.lang.Object, int, int, int, int)'> (0x000000060f119508) 
thrown [s\open\src\hotspot\share\interpreter\linkResolver.cpp, line 774]
Event: 0.134 Thread 0x000001981b677d70 Exception <a 'java/lang/NoSuchMethodError'{0x000000060f1e08d0}: 'java.lang.Object java.lang.invoke.DirectMethodHandle$Holder.invokeStaticInit(java.lang.Object, java.lang.Object, int, int, int, int)'> (0x000000060f1e08d0) 
thrown [s\open\src\hotspot\share\interpreter\linkResolver.cpp, line 774]
Event: 0.138 Thread 0x000001981b677d70 Exception <a 'java/lang/NoSuchMethodError'{0x000000060f1e9b98}: 'int java.lang.invoke.DirectMethodHandle$Holder.invokeSpecial(java.lang.Object, java.lang.Object, java.lang.Object)'> (0x000000060f1e9b98) 
thrown [s\open\src\hotspot\share\interpreter\linkResolver.cpp, line 774]
Event: 0.145 Thread 0x000001981b677d70 Exception <a 'java/lang/NoSuchMethodError'{0x000000060f1fb340}: 'void java.lang.invoke.DirectMethodHandle$Holder.invokeStatic(java.lang.Object, long)'> (0x000000060f1fb340) 
thrown [s\open\src\hotspot\share\interpreter\linkResolver.cpp, line 774]
Event: 0.146 Thread 0x000001981b677d70 Exception <a 'java/lang/NoSuchMethodError'{0x000000060f200748}: 'java.lang.Object java.lang.invoke.DirectMethodHandle$Holder.newInvokeSpecial(java.lang.Object, long)'> (0x000000060f200748) 
thrown [s\open\src\hotspot\share\interpreter\linkResolver.cpp, line 774]
Event: 0.147 Thread 0x000001981b677d70 Exception <a 'java/lang/NoSuchMethodError'{0x000000060f207d50}: 'java.lang.Object java.lang.invoke.DirectMethodHandle$Holder.invokeStatic(java.lang.Object, long, java.lang.Object)'> (0x000000060f207d50) 
thrown [s\open\src\hotspot\share\interpreter\linkResolver.cpp, line 774]
Event: 0.147 Thread 0x000001981b677d70 Exception <a 'java/lang/NoSuchMethodError'{0x000000060f20b548}: 'java.lang.Object java.lang.invoke.DirectMethodHandle$Holder.invokeStaticInit(java.lang.Object, long, java.lang.Object)'> (0x000000060f20b548) 
thrown [s\open\src\hotspot\share\interpreter\linkResolver.cpp, line 774]
Event: 0.275 Thread 0x000001981b677d70 Exception <a 'java/lang/NoSuchMethodError'{0x000000060f2f8dd0}: 'int java.lang.invoke.DirectMethodHandle$Holder.invokeStatic(java.lang.Object)'> (0x000000060f2f8dd0) 
thrown [s\open\src\hotspot\share\interpreter\linkResolver.cpp, line 774]
Event: 0.276 Thread 0x000001981b677d70 Exception <a 'java/lang/NoSuchMethodError'{0x000000060f2fc678}: 'int java.lang.invoke.DelegatingMethodHandle$Holder.reinvoke_L(java.lang.Object)'> (0x000000060f2fc678) 
thrown [s\open\src\hotspot\share\interpreter\linkResolver.cpp, line 774]
Event: 0.300 Thread 0x000001981b677d70 Exception <a 'java/lang/ClassNotFoundException'{0x000000060f3f3628}: sun/awt/resources/spi/awtProvider> (0x000000060f3f3628) 
thrown [s\open\src\hotspot\share\classfile\systemDictionary.cpp, line 313]
Event: 0.311 Thread 0x000001981b677d70 Exception <a 'java/io/FileNotFoundException'{0x000000060ec3b1f8}> (0x000000060ec3b1f8) 
thrown [s\open\src\hotspot\share\prims\jni.cpp, line 520]
Event: 0.314 Thread 0x000001981b677d70 Exception <a 'java/io/FileNotFoundException'{0x000000060ec698c0}> (0x000000060ec698c0) 
thrown [s\open\src\hotspot\share\prims\jni.cpp, line 520]
Event: 0.466 Thread 0x000001981b677d70 Exception <a 'java/lang/NoSuchMethodError'{0x000000060eb51fc8}: 'long java.lang.invoke.DelegatingMethodHandle$Holder.reinvoke_L(java.lang.Object, java.lang.Object)'> (0x000000060eb51fc8) 
thrown [s\open\src\hotspot\share\interpreter\linkResolver.cpp, line 774]
Event: 0.467 Thread 0x000001981b677d70 Exception <a 'java/lang/NoSuchMethodError'{0x000000060eb5c150}: 'void java.lang.invoke.DelegatingMethodHandle$Holder.reinvoke_L(java.lang.Object, java.lang.Object, long)'> (0x000000060eb5c150) 
thrown [s\open\src\hotspot\share\interpreter\linkResolver.cpp, line 774]
Event: 1.195 Thread 0x00000198426ac410 Exception <a 'java/lang/NoSuchMethodError'{0x000000060f6663b0}: 'void java.lang.invoke.DirectMethodHandle$Holder.invokeSpecial(java.lang.Object, java.lang.Object, java.lang.Object)'> (0x000000060f6663b0) 
thrown [s\open\src\hotspot\share\interpreter\linkResolver.cpp, line 774]
Event: 1.200 Thread 0x00000198426ac410 Exception <a 'java/lang/NoSuchMethodError'{0x000000060f67d630}: 'long java.lang.invoke.Invokers$Holder.invokeExact_MT(java.lang.Object, java.lang.Object, java.lang.Object)'> (0x000000060f67d630) 
thrown [s\open\src\hotspot\share\interpreter\linkResolver.cpp, line 774]
Event: 1.963 Thread 0x000001981b677d70 Implicit null exception at 0x000001982d8f7669 to 0x000001982d8f7f6c
Event: 1.964 Thread 0x000001981b677d70 Exception <a 'java/lang/NoSuchMethodError'{0x000000060eaced78}: 'java.lang.Object java.lang.invoke.DirectMethodHandle$Holder.invokeStatic(java.lang.Object, int, java.lang.Object)'> (0x000000060eaced78) 
thrown [s\open\src\hotspot\share\interpreter\linkResolver.cpp, line 774]
Event: 1.967 Thread 0x000001981b677d70 Exception <a 'java/lang/ClassNotFoundException'{0x000000060eadf920}: sun/util/logging/resources/spi/loggingProvider> (0x000000060eadf920) 
thrown [s\open\src\hotspot\share\classfile\systemDictionary.cpp, line 313]
Event: 2.050 Thread 0x000001981b677d70 Exception <a 'java/lang/NoSuchMethodError'{0x000000060ebb2de0}: 'int java.lang.invoke.Invokers$Holder.invokeExact_MT(java.lang.Object, java.lang.Object)'> (0x000000060ebb2de0) 
thrown [s\open\src\hotspot\share\interpreter\linkResolver.cpp, line 774]

ZGC Phase Switch (0 events):
No events

VM Operations (20 events):
Event: 2.601 Executing VM operation: G1CollectForAllocation (G1 Evacuation Pause)
Event: 2.612 Executing VM operation: G1CollectForAllocation (G1 Evacuation Pause) done
Event: 2.663 Executing VM operation: G1CollectForAllocation (G1 Evacuation Pause)
Event: 2.685 Executing VM operation: G1CollectForAllocation (G1 Evacuation Pause) done
Event: 2.686 Executing VM operation: G1PauseRemark
Event: 2.687 Executing VM operation: G1PauseRemark done
Event: 2.710 Executing VM operation: G1PauseCleanup
Event: 2.711 Executing VM operation: G1PauseCleanup done
Event: 2.746 Executing VM operation: HandshakeAllThreads (Deoptimize)
Event: 2.746 Executing VM operation: HandshakeAllThreads (Deoptimize) done
Event: 3.415 Executing VM operation: G1CollectForAllocation (G1 Evacuation Pause)
Event: 3.433 Executing VM operation: G1CollectForAllocation (G1 Evacuation Pause) done
Event: 5.984 Executing VM operation: G1CollectForAllocation (G1 Evacuation Pause)
Event: 5.989 Executing VM operation: G1CollectForAllocation (G1 Evacuation Pause) done
Event: 9.544 Executing VM operation: G1CollectForAllocation (G1 Evacuation Pause)
Event: 9.545 Executing VM operation: G1CollectForAllocation (G1 Evacuation Pause) done
Event: 9.652 Executing VM operation: G1PauseRemark
Event: 9.653 Executing VM operation: G1PauseRemark done
Event: 9.688 Executing VM operation: G1PauseCleanup
Event: 9.688 Executing VM operation: G1PauseCleanup done

Events (20 events):
Event: 9.653 Thread 0x000001983f76ce00 flushing nmethod 0x0000019825e09e10
Event: 9.653 Thread 0x000001983f76ce00 flushing nmethod 0x0000019825e0a810
Event: 9.653 Thread 0x000001983f76ce00 flushing nmethod 0x0000019825e11f90
Event: 9.653 Thread 0x000001983f76ce00 flushing nmethod 0x000001982d92c410
Event: 9.653 Thread 0x000001983f76ce00 flushing nmethod 0x0000019825d24310
Event: 9.653 Thread 0x000001983f76ce00 flushing nmethod 0x0000019825d24f10
Event: 9.653 Thread 0x000001983f76ce00 flushing nmethod 0x0000019825d25890
Event: 9.653 Thread 0x000001983f76ce00 flushing nmethod 0x0000019825d25d90
Event: 9.653 Thread 0x000001983f76ce00 flushing nmethod 0x0000019825d6d390
Event: 9.653 Thread 0x000001983f76ce00 flushing nmethod 0x0000019825d6fc10
Event: 9.653 Thread 0x000001983f76ce00 flushing nmethod 0x0000019825d70190
Event: 9.653 Thread 0x000001983f76ce00 flushing nmethod 0x0000019825d70510
Event: 9.653 Thread 0x000001983f76ce00 flushing nmethod 0x0000019825df0b90
Event: 9.653 Thread 0x000001983f76ce00 flushing nmethod 0x0000019825df2b90
Event: 9.653 Thread 0x000001983f76ce00 flushing nmethod 0x0000019825e5cf10
Event: 9.653 Thread 0x000001983f76ce00 flushing nmethod 0x0000019825ed8d90
Event: 9.653 Thread 0x000001983f76ce00 flushing nmethod 0x0000019825ed9210
Event: 9.653 Thread 0x000001983f76ce00 flushing nmethod 0x0000019825ed9690
Event: 11.043 Thread 0x00000198428a1ea0 Thread exited: 0x00000198428a1ea0
Event: 11.099 Thread 0x000001984273a340 Thread exited: 0x000001984273a340


Dynamic libraries:
0x00007ff7e2fc0000 - 0x00007ff7e2fd0000 	C:\Program Files\Java\jdk-22\bin\javaw.exe
0x00007ffd65080000 - 0x00007ffd652e3000 	C:\WINDOWS\SYSTEM32\ntdll.dll
0x00007ffd55250000 - 0x00007ffd5526a000 	C:\Program Files\Avast Software\Avast\aswhook.dll
0x00007ffd63810000 - 0x00007ffd638d8000 	C:\WINDOWS\System32\KERNEL32.DLL
0x00007ffd62820000 - 0x00007ffd62bd2000 	C:\WINDOWS\System32\KERNELBASE.dll
0x00007ffd62620000 - 0x00007ffd6276b000 	C:\WINDOWS\System32\ucrtbase.dll
0x00007ffd45620000 - 0x00007ffd4563b000 	C:\Program Files\Java\jdk-22\bin\VCRUNTIME140.dll
0x00007ffd43440000 - 0x00007ffd43457000 	C:\Program Files\Java\jdk-22\bin\jli.dll
0x00007ffd64cb0000 - 0x00007ffd64d64000 	C:\WINDOWS\System32\ADVAPI32.dll
0x00007ffd63ad0000 - 0x00007ffd63b79000 	C:\WINDOWS\System32\msvcrt.dll
0x00007ffd64f80000 - 0x00007ffd65026000 	C:\WINDOWS\System32\sechost.dll
0x00007ffd63d60000 - 0x00007ffd63e76000 	C:\WINDOWS\System32\RPCRT4.dll
0x00007ffd64d70000 - 0x00007ffd64f38000 	C:\WINDOWS\System32\USER32.dll
0x00007ffd40bb0000 - 0x00007ffd40e40000 	C:\WINDOWS\WinSxS\amd64_microsoft.windows.common-controls_6595b64144ccf1df_6.0.26100.2454_none_3e0b68a2e331ad60\COMCTL32.dll
0x00007ffd62eb0000 - 0x00007ffd62ed7000 	C:\WINDOWS\System32\win32u.dll
0x00007ffd63ba0000 - 0x00007ffd63bca000 	C:\WINDOWS\System32\GDI32.dll
0x00007ffd624f0000 - 0x00007ffd6261b000 	C:\WINDOWS\System32\gdi32full.dll
0x00007ffd62770000 - 0x00007ffd62813000 	C:\WINDOWS\System32\msvcp_win.dll
0x00007ffd59410000 - 0x00007ffd5941b000 	C:\WINDOWS\SYSTEM32\VERSION.dll
0x00007ffd64f40000 - 0x00007ffd64f6f000 	C:\WINDOWS\System32\IMM32.DLL
0x00007ffd55190000 - 0x00007ffd5519c000 	C:\Program Files\Java\jdk-22\bin\vcruntime140_1.dll
0x00007ffd1d6a0000 - 0x00007ffd1d72e000 	C:\Program Files\Java\jdk-22\bin\msvcp140.dll
0x00007ffd11670000 - 0x00007ffd123b7000 	C:\Program Files\Java\jdk-22\bin\server\jvm.dll
0x00007ffd638f0000 - 0x00007ffd63964000 	C:\WINDOWS\System32\WS2_32.dll
0x00007ffd622e0000 - 0x00007ffd6232e000 	C:\WINDOWS\SYSTEM32\POWRPROF.dll
0x00007ffd593d0000 - 0x00007ffd59406000 	C:\WINDOWS\SYSTEM32\WINMM.dll
0x00007ffd622c0000 - 0x00007ffd622d4000 	C:\WINDOWS\SYSTEM32\UMPDC.dll
0x00007ffd61290000 - 0x00007ffd612aa000 	C:\WINDOWS\SYSTEM32\kernel.appcore.dll
0x00007ffd51f20000 - 0x00007ffd51f2a000 	C:\Program Files\Java\jdk-22\bin\jimage.dll
0x00007ffd5c660000 - 0x00007ffd5c8a1000 	C:\WINDOWS\SYSTEM32\DBGHELP.DLL
0x00007ffd63480000 - 0x00007ffd637fe000 	C:\WINDOWS\System32\combase.dll
0x00007ffd63c00000 - 0x00007ffd63cd6000 	C:\WINDOWS\System32\OLEAUT32.dll
0x00007ffd56530000 - 0x00007ffd56569000 	C:\WINDOWS\SYSTEM32\dbgcore.DLL
0x00007ffd62450000 - 0x00007ffd624e9000 	C:\WINDOWS\System32\bcryptPrimitives.dll
0x00007ffd3c580000 - 0x00007ffd3c59e000 	C:\Program Files\Java\jdk-22\bin\java.dll
0x00007ffd64390000 - 0x00007ffd64a90000 	C:\WINDOWS\System32\SHELL32.dll
0x00007ffd64b00000 - 0x00007ffd64c99000 	C:\WINDOWS\System32\ole32.dll
0x00007ffd60130000 - 0x00007ffd60961000 	C:\WINDOWS\SYSTEM32\windows.storage.dll
0x00007ffd633a0000 - 0x00007ffd6347a000 	C:\WINDOWS\System32\SHCORE.dll
0x00007ffd62ee0000 - 0x00007ffd62f3d000 	C:\WINDOWS\System32\shlwapi.dll
0x00007ffd62360000 - 0x00007ffd6238e000 	C:\WINDOWS\SYSTEM32\profapi.dll
0x00007ffd17e20000 - 0x00007ffd17ef7000 	C:\Program Files\Java\jdk-22\bin\jsvml.dll
0x00007ffd4e360000 - 0x00007ffd4e370000 	C:\Program Files\Java\jdk-22\bin\net.dll
0x00007ffd61790000 - 0x00007ffd617f8000 	C:\WINDOWS\system32\mswsock.dll
0x00007ffd3c4f0000 - 0x00007ffd3c506000 	C:\Program Files\Java\jdk-22\bin\nio.dll
0x00007ffd3b290000 - 0x00007ffd3b2a7000 	C:\Program Files\Java\jdk-22\bin\zip.dll
0x00007ffd61a30000 - 0x00007ffd61a4c000 	C:\WINDOWS\SYSTEM32\CRYPTSP.dll
0x00007ffd611f0000 - 0x00007ffd61228000 	C:\WINDOWS\system32\rsaenh.dll
0x00007ffd61830000 - 0x00007ffd6185b000 	C:\WINDOWS\SYSTEM32\USERENV.dll
0x00007ffd61c70000 - 0x00007ffd61c96000 	C:\WINDOWS\SYSTEM32\bcrypt.dll
0x00007ffd61a50000 - 0x00007ffd61a5c000 	C:\WINDOWS\SYSTEM32\CRYPTBASE.dll
0x00007ffd60d40000 - 0x00007ffd60d72000 	C:\WINDOWS\SYSTEM32\IPHLPAPI.DLL
0x00007ffd65030000 - 0x00007ffd6503a000 	C:\WINDOWS\System32\NSI.dll
0x00007ffd4c410000 - 0x00007ffd4c423000 	C:\Users\nikit\AppData\Local\Temp\jogamp_0000\file_cache\jln17687034948303434174\jln1709012448491068079\natives\windows-amd64\gluegen_rt.dll
0x00007ffd489b0000 - 0x00007ffd48b3e000 	C:\Program Files\Java\jdk-22\bin\awt.dll
0x00007ffd5d240000 - 0x00007ffd5d2dc000 	C:\WINDOWS\SYSTEM32\apphelp.dll
0x00007ffd5f6a0000 - 0x00007ffd5f74d000 	C:\WINDOWS\system32\uxtheme.dll
0x00007ffd63970000 - 0x00007ffd63acc000 	C:\WINDOWS\System32\MSCTF.dll
0x00007ffd4c400000 - 0x00007ffd4c407000 	C:\Program Files\Java\jdk-22\bin\jawt.dll
0x00007ffd4c3f0000 - 0x00007ffd4c3fd000 	C:\Users\nikit\AppData\Local\Temp\jogamp_0000\file_cache\jln17687034948303434174\jln1709012448491068079\natives\windows-amd64\nativewindow_awt.dll
0x00007ffd4c3d0000 - 0x00007ffd4c3e5000 	C:\Users\nikit\AppData\Local\Temp\jogamp_0000\file_cache\jln17687034948303434174\jln1709012448491068079\natives\windows-amd64\nativewindow_win32.dll
0x00007ffd3d620000 - 0x00007ffd3d72c000 	C:\WINDOWS\SYSTEM32\OpenGL32.dll
0x00007ffd3ddc0000 - 0x00007ffd3dded000 	C:\WINDOWS\SYSTEM32\GLU32.dll
0x00007ffd5fa30000 - 0x00007ffd5fa77000 	C:\WINDOWS\SYSTEM32\dxcore.dll
0x00007ffd487e0000 - 0x00007ffd48863000 	C:\Users\nikit\AppData\Local\Temp\jogamp_0000\file_cache\jln17687034948303434174\jln1709012448491068079\natives\windows-amd64\jogl_desktop.dll
0x00007ffd48690000 - 0x00007ffd486e2000 	C:\Users\nikit\AppData\Local\Temp\jogamp_0000\file_cache\jln17687034948303434174\jln1709012448491068079\natives\windows-amd64\jogl_mobile.dll
0x00007ffd5f860000 - 0x00007ffd5f8bc000 	C:\WINDOWS\SYSTEM32\directxdatabasehelper.dll
0x00007ffd4f530000 - 0x00007ffd4f54a000 	C:\WINDOWS\SYSTEM32\windows.staterepositorycore.dll
0x00007ffd4c3a0000 - 0x00007ffd4c3d0000 	C:\Windows\System32\DriverStore\FileRepository\u0409016.inf_amd64_2b8774c9217183cc\B408421\atig6pxx.dll
0x00007ffcf36c0000 - 0x00007ffcf7b9d000 	C:\WINDOWS\System32\DriverStore\FileRepository\u0407052.inf_amd64_84d15514ad17ffa0\B406619\atio6axx.dll
0x00007ffd63f00000 - 0x00007ffd64386000 	C:\WINDOWS\System32\SETUPAPI.dll
0x00007ffd568d0000 - 0x00007ffd56905000 	C:\WINDOWS\SYSTEM32\amdihk64.dll
0x00007ffd5fa80000 - 0x00007ffd5faae000 	C:\WINDOWS\SYSTEM32\dwmapi.dll
0x00007ffd61fa0000 - 0x00007ffd61fcd000 	C:\WINDOWS\SYSTEM32\DEVOBJ.dll
0x00007ffd61fd0000 - 0x00007ffd6202f000 	C:\WINDOWS\SYSTEM32\cfgmgr32.dll
0x00007ffd62be0000 - 0x00007ffd62c5f000 	C:\WINDOWS\System32\WINTRUST.dll
0x00007ffd62d30000 - 0x00007ffd62ea6000 	C:\WINDOWS\System32\CRYPT32.dll
0x00007ffd61aa0000 - 0x00007ffd61ab3000 	C:\WINDOWS\SYSTEM32\MSASN1.dll
0x00007ffd5f8c0000 - 0x00007ffd5f9eb000 	C:\WINDOWS\system32\dxgi.dll
0x00007ffca0c40000 - 0x00007ffca5df2000 	C:\Windows\System32\DriverStore\FileRepository\u0409016.inf_amd64_2b8774c9217183cc\B408421\amdxc64.dll
0x00007ffd487a0000 - 0x00007ffd487d9000 	C:\Windows\System32\DriverStore\FileRepository\u0409016.inf_amd64_2b8774c9217183cc\B408421\amdihk64.dll
0x00007ffd5be30000 - 0x00007ffd5c053000 	C:\WINDOWS\SYSTEM32\dcomp.dll
0x00007ffd5aaf0000 - 0x00007ffd5ab09000 	C:\WINDOWS\SYSTEM32\Microsoft.Internal.WarpPal.dll
0x00007ffd3ddf0000 - 0x00007ffd3de13000 	C:\WINDOWS\system32\d3d12.dll
0x00007ffceee60000 - 0x00007ffcef0d5000 	C:\WINDOWS\system32\D3D12Core.dll
0x00007ffd56570000 - 0x00007ffd5659e000 	C:\WINDOWS\SYSTEM32\D3DSCache.dll
0x00007ffd56210000 - 0x00007ffd56447000 	C:\WINDOWS\SYSTEM32\twinapi.appcore.dll
0x00007ffd5b990000 - 0x00007ffd5bbed000 	C:\WINDOWS\SYSTEM32\d3d11.dll
0x00007ffd59430000 - 0x00007ffd595eb000 	C:\WINDOWS\System32\DriverStore\FileRepository\u0407052.inf_amd64_84d15514ad17ffa0\B406619\aticfx64.dll
0x00007ffd59260000 - 0x00007ffd59299000 	C:\WINDOWS\System32\DriverStore\FileRepository\u0407052.inf_amd64_84d15514ad17ffa0\B406619\atiuxp64.dll
0x00007ffd56f30000 - 0x00007ffd58ea2000 	C:\WINDOWS\System32\DriverStore\FileRepository\u0407052.inf_amd64_84d15514ad17ffa0\B406619\atidxx64.dll
0x00007ffd48990000 - 0x00007ffd489a9000 	C:\Users\nikit\AppData\Local\Temp\jogamp_0000\file_cache\jln17687034948303434174\jln1709012448491068079\natives\windows-amd64\newt_head.dll
0x00007ffd5ec40000 - 0x00007ffd5ed00000 	C:\WINDOWS\SYSTEM32\mscms.dll
0x00007ffd48110000 - 0x00007ffd48159000 	C:\WINDOWS\SYSTEM32\icm32.dll
0x00007ffd4c380000 - 0x00007ffd4c390000 	C:\Program Files\Java\jdk-22\bin\verify.dll
0x00007ffd48610000 - 0x00007ffd48638000 	C:\Users\nikit\OneDrive\Рабочий стол\OpenGL\SimpleGameEngine\SimpleGameEngine\libs\jinput-dx8_64.dll
0x00007ffd480c0000 - 0x00007ffd4810b000 	C:\WINDOWS\SYSTEM32\DINPUT8.dll
0x00007ffd514d0000 - 0x00007ffd516ad000 	C:\WINDOWS\SYSTEM32\inputhost.dll
0x00007ffd5bc10000 - 0x00007ffd5bd35000 	C:\WINDOWS\SYSTEM32\CoreMessaging.dll
0x00007ffd60970000 - 0x00007ffd6097f000 	C:\WINDOWS\SYSTEM32\HID.DLL
0x00007ffd48090000 - 0x00007ffd480b8000 	C:\Users\nikit\OneDrive\Рабочий стол\OpenGL\SimpleGameEngine\SimpleGameEngine\libs\jinput-raw_64.dll
0x00007ffd51a30000 - 0x00007ffd51b76000 	C:\WINDOWS\SYSTEM32\textinputframework.dll
0x00007ffd59810000 - 0x00007ffd59af3000 	C:\WINDOWS\SYSTEM32\CoreUIComponents.dll
0x00007ffd5e1d0000 - 0x00007ffd5e338000 	C:\WINDOWS\SYSTEM32\wintypes.dll

dbghelp: loaded successfully - version: 4.0.5 - missing functions: none
symbol engine: initialized successfully - sym options: 0x614 - pdb path: .;C:\Program Files\Java\jdk-22\bin;C:\WINDOWS\SYSTEM32;C:\Program Files\Avast Software\Avast;C:\WINDOWS\WinSxS\amd64_microsoft.windows.common-controls_6595b64144ccf1df_6.0.26100.2454_none_3e0b68a2e331ad60;C:\Program Files\Java\jdk-22\bin\server;C:\Users\nikit\AppData\Local\Temp\jogamp_0000\file_cache\jln17687034948303434174\jln1709012448491068079\natives\windows-amd64;C:\Windows\System32\DriverStore\FileRepository\u0409016.inf_amd64_2b8774c9217183cc\B408421;C:\WINDOWS\System32\DriverStore\FileRepository\u0407052.inf_amd64_84d15514ad17ffa0\B406619;C:\Users\nikit\OneDrive\Рабочий стол\OpenGL\SimpleGameEngine\SimpleGameEngine\libs

VM Arguments:
jvm_args: --add-exports=java.base/java.lang=ALL-UNNAMED --add-exports=java.desktop/sun.awt=ALL-UNNAMED --add-exports=java.desktop/sun.java2d=ALL-UNNAMED -Dsun.java2d.opengl=false -Dsun.java2d.d3d=false -Dsun.java2d.uiScale=1 -Dsun.java2d.noddraw=true -Dsun.awt.noerasebackground=true -Djava.library.path=C:\Users\nikit\OneDrive\Рабочий стол\OpenGL\SimpleGameEngine\SimpleGameEngine\libs -Dfile.encoding=UTF-8 -Xmx8G -Dstdout.encoding=UTF-8 -Dstderr.encoding=UTF-8 -XX:+ShowCodeDetailsInExceptionMessages 
java_command: org.MykytaInUA.SimpleGameEngine.main.Main
java_class_path (initial): C:\Users\nikit\OneDrive\Рабочий стол\OpenGL\SimpleGameEngine\SimpleGameEngine\target\classes;C:\Users\nikit\.m2\repository\org\jogamp\jogl\jogl-all\2.5.0\jogl-all-2.5.0.jar;C:\Users\nikit\.m2\repository\org\jogamp\gluegen\gluegen-rt-main\2.5.0\gluegen-rt-main-2.5.0.jar;C:\Users\nikit\.m2\repository\org\jogamp\gluegen\gluegen-rt\2.5.0\gluegen-rt-2.5.0.jar;C:\Users\nikit\.m2\repository\org\jogamp\gluegen\gluegen-rt\2.5.0\gluegen-rt-2.5.0-natives-android-aarch64.jar;C:\Users\nikit\.m2\repository\org\jogamp\gluegen\gluegen-rt\2.5.0\gluegen-rt-2.5.0-natives-linux-amd64.jar;C:\Users\nikit\.m2\repository\org\jogamp\gluegen\gluegen-rt\2.5.0\gluegen-rt-2.5.0-natives-linux-armv6hf.jar;C:\Users\nikit\.m2\repository\org\jogamp\gluegen\gluegen-rt\2.5.0\gluegen-rt-2.5.0-natives-linux-aarch64.jar;C:\Users\nikit\.m2\repository\org\jogamp\gluegen\gluegen-rt\2.5.0\gluegen-rt-2.5.0-natives-macosx-universal.jar;C:\Users\nikit\.m2\repository\org\jogamp\gluegen\gluegen-rt\2.5.0\gluegen-rt-2.5.0-natives-windows-amd64.jar;C:\Users\nikit\.m2\repository\antlr\antlr\2.7.7\antlr-2.7.7.jar;C:\Users\nikit\.m2\repository\org\joml\joml\1.10.8\joml-1.10.8.jar;C:\Users\nikit\.m2\repository\junit\junit\3.8.1\junit-3.8.1.jar;C:\Users\nikit\.m2\repository\net\java\jinput\jinput\2.0.10\jinput-2.0.10.jar;C:\Users\nikit\.m2\repository\net\java\jinput\jinput\2.0.10\jinput-2.0.10-natives-all.jar
Launcher Type: SUN_STANDARD

[Global flags]
     intx CICompilerCount                          = 12                                        {product} {ergonomic}
     uint ConcGCThreads                            = 3                                         {product} {ergonomic}
     uint G1ConcRefinementThreads                  = 13                                        {product} {ergonomic}
   size_t G1HeapRegionSize                         = 4194304                                   {product} {ergonomic}
   size_t InitialHeapSize                          = 260046848                                 {product} {ergonomic}
   size_t MarkStackSize                            = 4194304                                   {product} {ergonomic}
   size_t MaxHeapSize                              = 8589934592                                {product} {command line}
   size_t MaxNewSize                               = 5150605312                                {product} {ergonomic}
   size_t MinHeapDeltaBytes                        = 4194304                                   {product} {ergonomic}
   size_t MinHeapSize                              = 8388608                                   {product} {ergonomic}
    uintx NonNMethodCodeHeapSize                   = 7602480                                {pd product} {ergonomic}
    uintx NonProfiledCodeHeapSize                  = 122027880                              {pd product} {ergonomic}
    uintx ProfiledCodeHeapSize                     = 122027880                              {pd product} {ergonomic}
    uintx ReservedCodeCacheSize                    = 251658240                              {pd product} {ergonomic}
     bool SegmentedCodeCache                       = true                                      {product} {ergonomic}
     bool ShowCodeDetailsInExceptionMessages       = true                                   {manageable} {command line}
   size_t SoftMaxHeapSize                          = 8589934592                             {manageable} {ergonomic}
     bool UseCompressedOops                        = true                           {product lp64_product} {ergonomic}
     bool UseG1GC                                  = true                                      {product} {ergonomic}
     bool UseLargePagesIndividualAllocation        = false                                  {pd product} {ergonomic}

Logging:
Log output configuration:
 #0: stdout all=warning uptime,level,tags foldmultilines=false
 #1: stderr all=off uptime,level,tags foldmultilines=false

Environment Variables:
JAVA_HOME=C:\Program Files\Java\jdk-19
PATH=C:\Program Files\Common Files\Oracle\Java\javapath;C:\Program Files (x86)\Common Files\Oracle\Java\java8path;C:\Program Files (x86)\Common Files\Oracle\Java\javapath;C:\Program Files\Microsoft\jdk-11.0.16.101-hotspot\bin;C:\Program Files\Java\jdk-19\bin;C:\WINDOWS\system32;C:\WINDOWS;C:\WINDOWS\System32\Wbem;C:\WINDOWS\System32\WindowsPowerShell\v1.0\;C:\WINDOWS\System32\OpenSSH\;C:\Program Files\Microsoft SQL Server\150\Tools\Binn\;D:\Programs\bin;D:\Programs\Aldec\bin;C:\Program Files\Git\cmd;C:\Program Files (x86)\Windows Kits\10\Windows Performance Toolkit\;C:\Aldec\Active-HDL-13-x64\bin;C:\Program Files\dotnet\;C:\Users\nikit\AppData\Roaming\nvm;C:\Program Files\nodejs;C:\Users\nikit\AppData\Local\Programs\Python\Python310\Scripts;D:\Programs\Active HDL\bin;C:\Users\nikit\AppData\Local\Programs\Python\Python310;C:\Users\nikit\miniconda3\Scripts;C:\Program Files\AMD\ROCm\5.7\bin;C:\Users\nikit\OneDrive\Рабочий стол\Stable diffusion\zluda.exe;C:\Program Files\AMD AI\ROCm\bin;C:\Program Files\AMD AI\ROCm\ZLUDA;D:\Programs\MathLab\runtime\win64;D:\Programs\MathLab\bin;;C:\WINDOWS\system32;C:\WINDOWS;C:\WINDOWS\System32\Wbem;C:\WINDOWS\System32\WindowsPowerShell\v1.0\;C:\WINDOWS\System32\OpenSSH\;C:\Users\nikit\AppData\Local\Microsoft\WindowsApps;D:\Microsoft VS Code\bin;C:\Program Files (x86)\Windows Kits\10\bin;C:\Users\nikit\AppData\Roaming\nvm;C:\Program Files\nodejs;C:\Program Files\JetBrains\PyCharm Community Edition 2024.1.1\bin;;C:\Users\nikit\.dotnet\tools;;D:\Programs\IntelliJ IDEA Community Edition 2024.3.1\bin;
USERNAME=nikit
OS=Windows_NT
PROCESSOR_IDENTIFIER=AMD64 Family 25 Model 80 Stepping 0, AuthenticAMD
TMP=C:\Users\nikit\AppData\Local\Temp
TEMP=C:\Users\nikit\AppData\Local\Temp




Periodic native trim disabled

---------------  S Y S T E M  ---------------

OS:
 Windows 11 , 64 bit Build 26100 (10.0.26100.2454)
OS uptime: 0 days 4:59 hours
Hyper-V role detected

CPU: total 16 (initial active 16) (16 cores per cpu, 2 threads per core) family 25 model 80 stepping 0 microcode 0xa50000c, cx8, cmov, fxsr, ht, mmx, 3dnowpref, sse, sse2, sse3, ssse3, sse4a, sse4.1, sse4.2, popcnt, lzcnt, tsc, tscinvbit, avx, avx2, aes, erms, clmul, bmi1, bmi2, adx, sha, fma, vzeroupper, clflush, clflushopt, hv, rdtscp, rdpid, fsrm, f16c, cet_ss
Processor Information for all 16 processors :
  Max Mhz: 3301, Current Mhz: 3301, Mhz Limit: 3301

Memory: 4k page, system-wide physical 15754M (8097M free)
TotalPageFile size 45450M (AvailPageFile size 33403M)
current process WorkingSet (physical memory assigned to process): 786M, peak: 786M
current process commit charge ("private bytes"): 1182M, peak: 1197M

vm_info: Java HotSpot(TM) 64-Bit Server VM (22.0.1+8-16) for windows-amd64 JRE (22.0.1+8-16), built on 2024-03-12T10:33:16Z by "mach5one" with MS VC++ 17.6 (VS2022)

END.
